This is LuaHBTeX, Version 1.13.0 (Web2C 2021/nixos.org)  (format=lualatex 1980.1.1)  12 APR 2023 16:27
 system commands enabled.
 file:line:error style messages enabled.
**main.tex
(./main.tex
LaTeX2e <2021-11-15> patch level 1
Lua module: luaotfload 2022-03-18 3.21 Lua based OpenType font support
Lua module: lualibs 2021-05-20 2.74 ConTeXt Lua standard libraries.
Lua module: lualibs-extended 2021-05-20 2.74 ConTeXt Lua libraries -- extended c
ollection.
luaotfload | conf : Root cache directory is "/home/valentino/.texlive2021/texmf-
var/luatex-cache/generic/names".
luaotfload | init : Loading fontloader "fontloader-2022-02-24.lua" from kpse-res
olved path "/nix/store/pqfkdb47f8v986qwixlh01mcz86m7dhb-texlive-combined-full-20
21-final/share/texmf/tex/luatex/luaotfload/fontloader-2022-02-24.lua".
Lua-only attribute luaotfload@noligature = 1
luaotfload | init : Context OpenType loader version 3.119
Inserting `luaotfload.node_processor' at position 1 in `pre_linebreak_filter'.
Inserting `luaotfload.node_processor' at position 1 in `hpack_filter'.
Inserting `luaotfload.glyph_stream' at position 1 in `glyph_stream_provider'.
Inserting `luaotfload.define_font' at position 1 in `define_font'.
Lua-only attribute luaotfload_color_attribute = 2
luaotfload | conf : Root cache directory is "/home/valentino/.texlive2021/texmf-
var/luatex-cache/generic/names".
Inserting `luaotfload.harf.strip_prefix' at position 1 in `find_opentype_file'.
Inserting `luaotfload.harf.strip_prefix' at position 1 in `find_truetype_file'.
Removing  `luaotfload.glyph_stream' from `glyph_stream_provider'.
Inserting `luaotfload.harf.glyphstream' at position 1 in `glyph_stream_provider'
.
Inserting `luaotfload.harf.finalize_vlist' at position 1 in `post_linebreak_filt
er'.
Inserting `luaotfload.harf.finalize_hlist' at position 2 in `hpack_filter'.
Inserting `luaotfload.cleanup_files' at position 1 in `wrapup_run'.
Inserting `luaotfload.harf.finalize_unicode' at position 1 in `finish_pdffile'.
Inserting `luaotfload.glyphinfo' at position 1 in `glyph_info'.
Lua-only attribute luaotfload.letterspace_done = 3
Inserting `luaotfload.aux.set_sscale_dimens' at position 1 in `luaotfload.patch_
font'.
Inserting `luaotfload.aux.set_font_index' at position 2 in `luaotfload.patch_fon
t'.
Inserting `luaotfload.aux.patch_cambria_domh' at position 3 in `luaotfload.patch
_font'.
Inserting `luaotfload.aux.fixup_fontdata' at position 1 in `luaotfload.patch_fon
t_unsafe'.
Inserting `luaotfload.aux.set_capheight' at position 4 in `luaotfload.patch_font
'.
Inserting `luaotfload.aux.set_xheight' at position 5 in `luaotfload.patch_font'.
Inserting `luaotfload.rewrite_fontname' at position 6 in `luaotfload.patch_font'
. L3 programming layer <2022-02-24>
Inserting `tracingstacklevels' at position 1 in `input_level_string'.
(/nix/store/pqfkdb47f8v986qwixlh01mcz86m7dhb-texlive-combined-full-2021-final/s
hare/texmf/tex/latex/base/article.cls
Document Class: article 2021/10/04 v1.4n Standard LaTeX document class

(/nix/store/pqfkdb47f8v986qwixlh01mcz86m7dhb-texlive-combined-full-2021-final/s
hare/texmf/tex/latex/base/size10.clo
File: size10.clo 2021/10/04 v1.4n Standard LaTeX file (size option)
luaotfload | db : Font names database loaded from /home/valentino/.texlive2021/t
exmf-var/luatex-cache/generic/names/luaotfload-names.luc.gz)
\c@part=\count183
\c@section=\count184
\c@subsection=\count185
\c@subsubsection=\count186
\c@paragraph=\count187
\c@subparagraph=\count188
\c@figure=\count189
\c@table=\count190
\abovecaptionskip=\skip47
\belowcaptionskip=\skip48
\bibindent=\dimen137
) (./style.sty
Package: style 

(/nix/store/pqfkdb47f8v986qwixlh01mcz86m7dhb-texlive-combined-full-2021-final/s
hare/texmf/tex/latex/vntex/vntex.sty
Package: vntex 2009/07/12 v1.1 support for Vietnamese

(/nix/store/pqfkdb47f8v986qwixlh01mcz86m7dhb-texlive-combined-full-2021-final/s
hare/texmf/tex/latex/base/ifthen.sty
Package: ifthen 2020/11/24 v1.1c Standard LaTeX ifthen package (DPC)
)
(/nix/store/pqfkdb47f8v986qwixlh01mcz86m7dhb-texlive-combined-full-2021-final/s
hare/texmf/tex/latex/base/fontenc.sty
Package: fontenc 2021/04/29 v2.0v Standard LaTeX package

(/nix/store/pqfkdb47f8v986qwixlh01mcz86m7dhb-texlive-combined-full-2021-final/s
hare/texmf/tex/latex/vntex/t5enc.def
File: t5enc.def 2006/11/21 v1.4 Vietnamese T5 encoding
)
LaTeX Font Info:    Trying to load font information for T5+lmr on input line 11
2.

(/nix/store/pqfkdb47f8v986qwixlh01mcz86m7dhb-texlive-combined-full-2021-final/s
hare/texmf/tex/latex/lm/t5lmr.fd
File: t5lmr.fd 2015/05/01 v1.6.1 Font defs for Latin Modern
))
(/nix/store/pqfkdb47f8v986qwixlh01mcz86m7dhb-texlive-combined-full-2021-final/s
hare/texmf/tex/latex/base/inputenc.sty
Package: inputenc 2021/02/14 v1.3d Input encoding file
\inpenc@prehook=\toks16
\inpenc@posthook=\toks17


Package inputenc Warning: inputenc package ignored with utf8 based engines.

)
(/nix/store/pqfkdb47f8v986qwixlh01mcz86m7dhb-texlive-combined-full-2021-final/s
hare/texmf/tex/latex/vntex/vncaps.tex
File: vncaps.tex 2006/06/07 v1.1 Captions in Vietnamese
))
(/nix/store/pqfkdb47f8v986qwixlh01mcz86m7dhb-texlive-combined-full-2021-final/s
hare/texmf/tex/generic/babel/babel.sty
Package: babel 2022/02/26 3.73 The Babel package

(/nix/store/pqfkdb47f8v986qwixlh01mcz86m7dhb-texlive-combined-full-2021-final/s
hare/texmf/tex/generic/babel/luababel.def
\bbl@readstream=\read2
\l@dumylang=\language2
Package babel Info: Non-standard hyphenation setup on input line 118.
\l@nohyphenation=\language3
\l@german-x-2022-03-16=\language4
\l@ngerman-x-2022-03-16=\language5
\l@afrikaans=\language6
\l@ancientgreek=\language7
\l@ibycus=\language8
\l@arabic=\language9
\l@armenian=\language10
\l@basque=\language11
\l@belarusian=\language12
\l@bulgarian=\language13
\l@catalan=\language14
\l@pinyin=\language15
\l@churchslavonic=\language16
\l@coptic=\language17
\l@croatian=\language18
\l@czech=\language19
\l@danish=\language20
\l@dutch=\language21
\l@ukenglish=\language22
\l@usenglishmax=\language23
\l@esperanto=\language24
\l@estonian=\language25
\l@ethiopic=\language26
\l@farsi=\language27
\l@finnish=\language28
\l@schoolfinnish=\language29
\l@french=\language30
\l@friulan=\language31
\l@galician=\language32
\l@georgian=\language33
\l@german=\language34
\l@ngerman=\language35
\l@swissgerman=\language36
\l@greek=\language37
\l@monogreek=\language38
\l@hungarian=\language39
\l@icelandic=\language40
\l@assamese=\language41
\l@bengali=\language42
\l@gujarati=\language43
\l@hindi=\language44
\l@kannada=\language45
\l@malayalam=\language46
\l@marathi=\language47
\l@oriya=\language48
\l@pali=\language49
\l@panjabi=\language50
\l@tamil=\language51
\l@telugu=\language52
\l@indonesian=\language53
\l@interlingua=\language54
\l@irish=\language55
\l@italian=\language56
\l@kurmanji=\language57
\l@classiclatin=\language58
\l@latin=\language59
\l@liturgicallatin=\language60
\l@latvian=\language61
\l@lithuanian=\language62
\l@macedonian=\language63
\l@mongolian=\language64
\l@mongolianlmc=\language65
\l@bokmal=\language66
\l@nynorsk=\language67
\l@occitan=\language68
\l@piedmontese=\language69
\l@polish=\language70
\l@portuguese=\language71
\l@romanian=\language72
\l@romansh=\language73
\l@russian=\language74
\l@sanskrit=\language75
\l@serbian=\language76
\l@serbianc=\language77
\l@slovak=\language78
\l@slovenian=\language79
\l@spanish=\language80
\l@swedish=\language81
\l@thai=\language82
\l@turkish=\language83
\l@turkmen=\language84
\l@ukrainian=\language85
\l@uppersorbian=\language86
\l@welsh=\language87
\babelcatcodetablenum=\catcodetable12
\bbl@pattcodes=\catcodetable13
)
\babel@savecnt=\count191
\U@D=\dimen138
\l@unhyphenated=\language88

(/nix/store/pqfkdb47f8v986qwixlh01mcz86m7dhb-texlive-combined-full-2021-final/s
hare/texmf/tex/generic/babel/luababel.def
\bbl@attr@locale=\attribute4
)
(/nix/store/pqfkdb47f8v986qwixlh01mcz86m7dhb-texlive-combined-full-2021-final/s
hare/texmf/tex/generic/babel-italian/italian.ldf
Language: italian 2020/05/21 v.1.4.04 Italian support for the babel system
\it@lettering=\count192
\it@doublequoteactive=\count193
\it@ISOcompliance=\count194

(/nix/store/pqfkdb47f8v986qwixlh01mcz86m7dhb-texlive-combined-full-2021-final/s
hare/texmf/tex/generic/hyph-utf8/loadhyph/loadhyph-it.tex
UTF-8 Italian hyphenation patterns
(/nix/store/pqfkdb47f8v986qwixlh01mcz86m7dhb-texlive-combined-full-2021-final/s
hare/texmf/tex/generic/hyph-utf8/patterns/tex/hyph-it.tex)
(/nix/store/pqfkdb47f8v986qwixlh01mcz86m7dhb-texlive-combined-full-2021-final/s
hare/texmf/tex/generic/hyph-utf8/patterns/quote/hyph-quote-it.tex))))
(/nix/store/pqfkdb47f8v986qwixlh01mcz86m7dhb-texlive-combined-full-2021-final/s
hare/texmf/tex/latex/etoolbox/etoolbox.sty
Package: etoolbox 2020/10/05 v2.5k e-TeX tools for LaTeX (JAW)
\etb@tempcnta=\count195
)
(/nix/store/pqfkdb47f8v986qwixlh01mcz86m7dhb-texlive-combined-full-2021-final/s
hare/texmf/tex/latex/geometry/geometry.sty
Package: geometry 2020/01/02 v5.9 Page Geometry

(/nix/store/pqfkdb47f8v986qwixlh01mcz86m7dhb-texlive-combined-full-2021-final/s
hare/texmf/tex/latex/graphics/keyval.sty
Package: keyval 2014/10/28 v1.15 key=value parser (DPC)
\KV@toks@=\toks18
)
(/nix/store/pqfkdb47f8v986qwixlh01mcz86m7dhb-texlive-combined-full-2021-final/s
hare/texmf/tex/generic/iftex/ifvtex.sty
Package: ifvtex 2019/10/25 v1.7 ifvtex legacy package. Use iftex instead.

(/nix/store/pqfkdb47f8v986qwixlh01mcz86m7dhb-texlive-combined-full-2021-final/s
hare/texmf/tex/generic/iftex/iftex.sty
Package: iftex 2022/02/03 v1.0f TeX engine tests
))
\Gm@cnth=\count196
\Gm@cntv=\count197
\c@Gm@tempcnt=\count198
\Gm@bindingoffset=\dimen139
\Gm@wd@mp=\dimen140
\Gm@odd@mp=\dimen141
\Gm@even@mp=\dimen142
\Gm@layoutwidth=\dimen143
\Gm@layoutheight=\dimen144
\Gm@layouthoffset=\dimen145
\Gm@layoutvoffset=\dimen146
\Gm@dimlist=\toks19
)
(/nix/store/pqfkdb47f8v986qwixlh01mcz86m7dhb-texlive-combined-full-2021-final/s
hare/texmf/tex/latex/graphics/graphicx.sty
Package: graphicx 2021/09/16 v1.2d Enhanced LaTeX Graphics (DPC,SPQR)

(/nix/store/pqfkdb47f8v986qwixlh01mcz86m7dhb-texlive-combined-full-2021-final/s
hare/texmf/tex/latex/graphics/graphics.sty
Package: graphics 2021/03/04 v1.4d Standard LaTeX Graphics (DPC,SPQR)

(/nix/store/pqfkdb47f8v986qwixlh01mcz86m7dhb-texlive-combined-full-2021-final/s
hare/texmf/tex/latex/graphics/trig.sty
Package: trig 2021/08/11 v1.11 sin cos tan (DPC)
)
(/nix/store/pqfkdb47f8v986qwixlh01mcz86m7dhb-texlive-combined-full-2021-final/s
hare/texmf/tex/latex/graphics-cfg/graphics.cfg
File: graphics.cfg 2016/06/04 v1.11 sample graphics configuration
)
Package graphics Info: Driver file: luatex.def on input line 107.

(/nix/store/pqfkdb47f8v986qwixlh01mcz86m7dhb-texlive-combined-full-2021-final/s
hare/texmf/tex/latex/graphics-def/luatex.def
File: luatex.def 2021/06/01 v1.2c Graphics/color driver for luatex
))
\Gin@req@height=\dimen147
\Gin@req@width=\dimen148
)
(/nix/store/pqfkdb47f8v986qwixlh01mcz86m7dhb-texlive-combined-full-2021-final/s
hare/texmf/tex/latex/tools/indentfirst.sty
Package: indentfirst 1995/11/23 v1.03 Indent first paragraph (DPC)
)
(/nix/store/pqfkdb47f8v986qwixlh01mcz86m7dhb-texlive-combined-full-2021-final/s
hare/texmf/tex/latex/setspace/setspace.sty
Package: setspace 2011/12/19 v6.7a set line spacing
)
(/nix/store/pqfkdb47f8v986qwixlh01mcz86m7dhb-texlive-combined-full-2021-final/s
hare/texmf/tex/latex/anyfontsize/anyfontsize.sty
Package: anyfontsize 2007/11/22 anyfontsize.sty by pts
)
(/nix/store/pqfkdb47f8v986qwixlh01mcz86m7dhb-texlive-combined-full-2021-final/s
hare/texmf/tex/latex/booktabs/booktabs.sty
Package: booktabs 2020/01/12 v1.61803398 Publication quality tables
\heavyrulewidth=\dimen149
\lightrulewidth=\dimen150
\cmidrulewidth=\dimen151
\belowrulesep=\dimen152
\belowbottomsep=\dimen153
\aboverulesep=\dimen154
\abovetopsep=\dimen155
\cmidrulesep=\dimen156
\cmidrulekern=\dimen157
\defaultaddspace=\dimen158
\@cmidla=\count199
\@cmidlb=\count266
\@aboverulesep=\dimen159
\@belowrulesep=\dimen160
\@thisruleclass=\count267
\@lastruleclass=\count268
\@thisrulewidth=\dimen161
)
(/nix/store/pqfkdb47f8v986qwixlh01mcz86m7dhb-texlive-combined-full-2021-final/s
hare/texmf/tex/latex/fancyhdr/fancyhdr.sty
Package: fancyhdr 2021/01/28 v4.0.1 Extensive control of page headers and foote
rs
\f@nch@headwidth=\skip49
\f@nch@O@elh=\skip50
\f@nch@O@erh=\skip51
\f@nch@O@olh=\skip52
\f@nch@O@orh=\skip53
\f@nch@O@elf=\skip54
\f@nch@O@erf=\skip55
\f@nch@O@olf=\skip56
\f@nch@O@orf=\skip57
)
(/nix/store/pqfkdb47f8v986qwixlh01mcz86m7dhb-texlive-combined-full-2021-final/s
hare/texmf/tex/latex/lastpage/lastpage.sty
Package: lastpage 2021/09/03 v1.2n Refers to last page's name (HMM; JPG)
)
(/nix/store/pqfkdb47f8v986qwixlh01mcz86m7dhb-texlive-combined-full-2021-final/s
hare/texmf/tex/latex/hyperref/hyperref.sty
Package: hyperref 2022-02-21 v7.00n Hypertext links for LaTeX

(/nix/store/pqfkdb47f8v986qwixlh01mcz86m7dhb-texlive-combined-full-2021-final/s
hare/texmf/tex/generic/ltxcmds/ltxcmds.sty
Package: ltxcmds 2020-05-10 v1.25 LaTeX kernel commands for general use (HO)
)
(/nix/store/pqfkdb47f8v986qwixlh01mcz86m7dhb-texlive-combined-full-2021-final/s
hare/texmf/tex/generic/pdftexcmds/pdftexcmds.sty
Package: pdftexcmds 2020-06-27 v0.33 Utility functions of pdfTeX for LuaTeX (HO
)

(/nix/store/pqfkdb47f8v986qwixlh01mcz86m7dhb-texlive-combined-full-2021-final/s
hare/texmf/tex/generic/infwarerr/infwarerr.sty
Package: infwarerr 2019/12/03 v1.5 Providing info/warning/error messages (HO)
)
Package pdftexcmds Info: \pdf@primitive is available.
Package pdftexcmds Info: \pdf@ifprimitive is available.
Package pdftexcmds Info: \pdfdraftmode found.
\pdftexcmds@toks=\toks20
)
(/nix/store/pqfkdb47f8v986qwixlh01mcz86m7dhb-texlive-combined-full-2021-final/s
hare/texmf/tex/generic/kvsetkeys/kvsetkeys.sty
Package: kvsetkeys 2019/12/15 v1.18 Key value parser (HO)
)
(/nix/store/pqfkdb47f8v986qwixlh01mcz86m7dhb-texlive-combined-full-2021-final/s
hare/texmf/tex/generic/kvdefinekeys/kvdefinekeys.sty
Package: kvdefinekeys 2019-12-19 v1.6 Define keys (HO)
)
(/nix/store/pqfkdb47f8v986qwixlh01mcz86m7dhb-texlive-combined-full-2021-final/s
hare/texmf/tex/generic/pdfescape/pdfescape.sty
Package: pdfescape 2019/12/09 v1.15 Implements pdfTeX's escape features (HO)
)
(/nix/store/pqfkdb47f8v986qwixlh01mcz86m7dhb-texlive-combined-full-2021-final/s
hare/texmf/tex/latex/hycolor/hycolor.sty
Package: hycolor 2020-01-27 v1.10 Color options for hyperref/bookmark (HO)
)
(/nix/store/pqfkdb47f8v986qwixlh01mcz86m7dhb-texlive-combined-full-2021-final/s
hare/texmf/tex/latex/letltxmacro/letltxmacro.sty
Package: letltxmacro 2019/12/03 v1.6 Let assignment for LaTeX macros (HO)
)
(/nix/store/pqfkdb47f8v986qwixlh01mcz86m7dhb-texlive-combined-full-2021-final/s
hare/texmf/tex/latex/auxhook/auxhook.sty
Package: auxhook 2019-12-17 v1.6 Hooks for auxiliary files (HO)
)
(/nix/store/pqfkdb47f8v986qwixlh01mcz86m7dhb-texlive-combined-full-2021-final/s
hare/texmf/tex/latex/kvoptions/kvoptions.sty
Package: kvoptions 2020-10-07 v3.14 Key value format for package options (HO)
)
\@linkdim=\dimen162
\Hy@linkcounter=\count269
\Hy@pagecounter=\count270

(/nix/store/pqfkdb47f8v986qwixlh01mcz86m7dhb-texlive-combined-full-2021-final/s
hare/texmf/tex/latex/hyperref/pd1enc.def
File: pd1enc.def 2022-02-21 v7.00n Hyperref: PDFDocEncoding definition (HO)
)
(/nix/store/pqfkdb47f8v986qwixlh01mcz86m7dhb-texlive-combined-full-2021-final/s
hare/texmf/tex/generic/intcalc/intcalc.sty
Package: intcalc 2019/12/15 v1.3 Expandable calculations with integers (HO)
)
(/nix/store/pqfkdb47f8v986qwixlh01mcz86m7dhb-texlive-combined-full-2021-final/s
hare/texmf/tex/generic/etexcmds/etexcmds.sty
Package: etexcmds 2019/12/15 v1.7 Avoid name clashes with e-TeX commands (HO)
)
\Hy@SavedSpaceFactor=\count271

(/nix/store/pqfkdb47f8v986qwixlh01mcz86m7dhb-texlive-combined-full-2021-final/s
hare/texmf/tex/latex/hyperref/puenc.def
File: puenc.def 2022-02-21 v7.00n Hyperref: PDF Unicode definition (HO)
)
Package hyperref Info: Hyper figures OFF on input line 4137.
Package hyperref Info: Link nesting OFF on input line 4142.
Package hyperref Info: Hyper index ON on input line 4145.
Package hyperref Info: Plain pages OFF on input line 4152.
Package hyperref Info: Backreferencing OFF on input line 4157.
Package hyperref Info: Implicit mode ON; LaTeX internals redefined.
Package hyperref Info: Bookmarks ON on input line 4390.
\c@Hy@tempcnt=\count272

(/nix/store/pqfkdb47f8v986qwixlh01mcz86m7dhb-texlive-combined-full-2021-final/s
hare/texmf/tex/latex/url/url.sty
\Urlmuskip=\muskip16
Package: url 2013/09/16  ver 3.4  Verb mode for urls, etc.
)
LaTeX Info: Redefining \url on input line 4749.
\XeTeXLinkMargin=\dimen163

(/nix/store/pqfkdb47f8v986qwixlh01mcz86m7dhb-texlive-combined-full-2021-final/s
hare/texmf/tex/generic/bitset/bitset.sty
Package: bitset 2019/12/09 v1.3 Handle bit-vector datatype (HO)

(/nix/store/pqfkdb47f8v986qwixlh01mcz86m7dhb-texlive-combined-full-2021-final/s
hare/texmf/tex/generic/bigintcalc/bigintcalc.sty
Package: bigintcalc 2019/12/15 v1.5 Expandable calculations on big integers (HO
)
))
\Fld@menulength=\count273
\Field@Width=\dimen164
\Fld@charsize=\dimen165
Package hyperref Info: Hyper figures OFF on input line 6027.
Package hyperref Info: Link nesting OFF on input line 6032.
Package hyperref Info: Hyper index ON on input line 6035.
Package hyperref Info: backreferencing OFF on input line 6042.
Package hyperref Info: Link coloring OFF on input line 6047.
Package hyperref Info: Link coloring with OCG OFF on input line 6052.
Package hyperref Info: PDF/A mode OFF on input line 6057.
LaTeX Info: Redefining \ref on input line 6097.
LaTeX Info: Redefining \pageref on input line 6101.

(/nix/store/pqfkdb47f8v986qwixlh01mcz86m7dhb-texlive-combined-full-2021-final/s
hare/texmf/tex/latex/base/atbegshi-ltx.sty
Package: atbegshi-ltx 2021/01/10 v1.0c Emulation of the original atbegshi
package with kernel methods
)
\Hy@abspage=\count274
\c@Item=\count275
\c@Hfootnote=\count276
)
Package hyperref Info: Driver (autodetected): hluatex.

(/nix/store/pqfkdb47f8v986qwixlh01mcz86m7dhb-texlive-combined-full-2021-final/s
hare/texmf/tex/latex/hyperref/hluatex.def
File: hluatex.def 2022-02-21 v7.00n Hyperref driver for luaTeX

(/nix/store/pqfkdb47f8v986qwixlh01mcz86m7dhb-texlive-combined-full-2021-final/s
hare/texmf/tex/generic/stringenc/stringenc.sty
Package: stringenc 2019/11/29 v1.12 Convert strings between diff. encodings (HO
)
)
(/nix/store/pqfkdb47f8v986qwixlh01mcz86m7dhb-texlive-combined-full-2021-final/s
hare/texmf/tex/latex/base/atveryend-ltx.sty
Package: atveryend-ltx 2020/08/19 v1.0a Emulation of the original atveryend pac
kage
with kernel methods
)
\Fld@listcount=\count277
\c@bookmark@seq@number=\count278

(/nix/store/pqfkdb47f8v986qwixlh01mcz86m7dhb-texlive-combined-full-2021-final/s
hare/texmf/tex/latex/rerunfilecheck/rerunfilecheck.sty
Package: rerunfilecheck 2019/12/05 v1.9 Rerun checks for auxiliary files (HO)

(/nix/store/pqfkdb47f8v986qwixlh01mcz86m7dhb-texlive-combined-full-2021-final/s
hare/texmf/tex/generic/uniquecounter/uniquecounter.sty
Package: uniquecounter 2019/12/15 v1.4 Provide unlimited unique counter (HO)
)
Package uniquecounter Info: New unique counter `rerunfilecheck' on input line 2
86.
)
\Hy@SectionHShift=\skip58
)
(/nix/store/pqfkdb47f8v986qwixlh01mcz86m7dhb-texlive-combined-full-2021-final/s
hare/texmf/tex/latex/tabto-ltx/tabto.sty
Package: tabto 2018/12/28  v 1.4  Another tabbing mechanism
\CurrentLineWidth=\dimen166
\TabPrevPos=\dimen167
))
(/nix/store/pqfkdb47f8v986qwixlh01mcz86m7dhb-texlive-combined-full-2021-final/s
hare/texmf/tex/latex/xcolor/xcolor.sty
Package: xcolor 2021/10/31 v2.13 LaTeX color extensions (UK)

(/nix/store/pqfkdb47f8v986qwixlh01mcz86m7dhb-texlive-combined-full-2021-final/s
hare/texmf/tex/latex/graphics-cfg/color.cfg
File: color.cfg 2016/01/02 v1.6 sample color configuration
)
Package xcolor Info: Driver file: luatex.def on input line 227.
Package xcolor Info: Model `cmy' substituted by `cmy0' on input line 1352.
Package xcolor Info: Model `hsb' substituted by `rgb' on input line 1356.
Package xcolor Info: Model `RGB' extended on input line 1368.
Package xcolor Info: Model `HTML' substituted by `rgb' on input line 1370.
Package xcolor Info: Model `Hsb' substituted by `hsb' on input line 1371.
Package xcolor Info: Model `tHsb' substituted by `hsb' on input line 1372.
Package xcolor Info: Model `HSB' substituted by `hsb' on input line 1373.
Package xcolor Info: Model `Gray' substituted by `gray' on input line 1374.
Package xcolor Info: Model `wave' substituted by `hsb' on input line 1375.
)
(/nix/store/pqfkdb47f8v986qwixlh01mcz86m7dhb-texlive-combined-full-2021-final/s
hare/texmf/tex/latex/amsmath/amsmath.sty
Package: amsmath 2021/10/15 v2.17l AMS math features
\@mathmargin=\skip59

For additional information on amsmath, use the `?' option.

(/nix/store/pqfkdb47f8v986qwixlh01mcz86m7dhb-texlive-combined-full-2021-final/s
hare/texmf/tex/latex/amsmath/amstext.sty
Package: amstext 2021/08/26 v2.01 AMS text

(/nix/store/pqfkdb47f8v986qwixlh01mcz86m7dhb-texlive-combined-full-2021-final/s
hare/texmf/tex/latex/amsmath/amsgen.sty
File: amsgen.sty 1999/11/30 v2.0 generic functions
\@emptytoks=\toks21
\ex@=\dimen168
))
(/nix/store/pqfkdb47f8v986qwixlh01mcz86m7dhb-texlive-combined-full-2021-final/s
hare/texmf/tex/latex/amsmath/amsbsy.sty
Package: amsbsy 1999/11/29 v1.2d Bold Symbols
\pmbraise@=\dimen169
)
(/nix/store/pqfkdb47f8v986qwixlh01mcz86m7dhb-texlive-combined-full-2021-final/s
hare/texmf/tex/latex/amsmath/amsopn.sty
Package: amsopn 2021/08/26 v2.02 operator names
)
\inf@bad=\count279
LaTeX Info: Redefining \frac on input line 236.
\uproot@=\count280
\leftroot@=\count281
LaTeX Info: Redefining \overline on input line 399.
\classnum@=\count282
\DOTSCASE@=\count283
LaTeX Info: Redefining \ldots on input line 496.
LaTeX Info: Redefining \dots on input line 499.
LaTeX Info: Redefining \cdots on input line 620.
\Mathstrutbox@=\box50
\strutbox@=\box51
\big@size=\dimen170
LaTeX Font Info:    Redeclaring font encoding OML on input line 743.
LaTeX Font Info:    Redeclaring font encoding OMS on input line 744.
\macc@depth=\count284
\c@MaxMatrixCols=\count285
\dotsspace@=\muskip17
\c@parentequation=\count286
\dspbrk@lvl=\count287
\tag@help=\toks22
\row@=\count288
\column@=\count289
\maxfields@=\count290
\andhelp@=\toks23
\eqnshift@=\dimen171
\alignsep@=\dimen172
\tagshift@=\dimen173
\tagwidth@=\dimen174
\totwidth@=\dimen175
\lineht@=\dimen176
\@envbody=\toks24
\multlinegap=\skip60
\multlinetaggap=\skip61
\mathdisplay@stack=\toks25
LaTeX Info: Redefining \[ on input line 2938.
LaTeX Info: Redefining \] on input line 2939.
)
(/nix/store/pqfkdb47f8v986qwixlh01mcz86m7dhb-texlive-combined-full-2021-final/s
hare/texmf/tex/latex/amsfonts/amssymb.sty
Package: amssymb 2013/01/14 v3.01 AMS font symbols

(/nix/store/pqfkdb47f8v986qwixlh01mcz86m7dhb-texlive-combined-full-2021-final/s
hare/texmf/tex/latex/amsfonts/amsfonts.sty
Package: amsfonts 2013/01/14 v3.01 Basic AMSFonts support
\symAMSa=\mathgroup4
\symAMSb=\mathgroup5
LaTeX Font Info:    Redeclaring math symbol \hbar on input line 98.
LaTeX Font Info:    Overwriting math alphabet `\mathfrak' in version `bold'
(Font)                  U/euf/m/n --> U/euf/b/n on input line 106.
))
(/nix/store/pqfkdb47f8v986qwixlh01mcz86m7dhb-texlive-combined-full-2021-final/s
hare/texmf/tex/latex/was/gensymb.sty
Package: gensymb 2003/07/02 v1.0 (WaS)
)
(/nix/store/pqfkdb47f8v986qwixlh01mcz86m7dhb-texlive-combined-full-2021-final/s
hare/texmf/tex/latex/base/textcomp.sty
Package: textcomp 2020/02/02 v2.0n Standard LaTeX package
)
(/nix/store/pqfkdb47f8v986qwixlh01mcz86m7dhb-texlive-combined-full-2021-final/s
hare/texmf/tex/latex/tools/array.sty
Package: array 2021/10/04 v2.5f Tabular extension package (FMi)
\col@sep=\dimen177
\ar@mcellbox=\box52
\extrarowheight=\dimen178
\NC@list=\toks26
\extratabsurround=\skip62
\backup@length=\skip63
\ar@cellbox=\box53
)
(/nix/store/pqfkdb47f8v986qwixlh01mcz86m7dhb-texlive-combined-full-2021-final/s
hare/texmf/tex/latex/tools/multicol.sty
Package: multicol 2021/10/28 v1.9b multicolumn formatting (FMi)
\c@tracingmulticols=\count291
\mult@box=\box54
\multicol@leftmargin=\dimen179
\c@unbalance=\count292
\c@collectmore=\count293
\doublecol@number=\count294
\multicoltolerance=\count295
\multicolpretolerance=\count296
\full@width=\dimen180
\page@free=\dimen181
\premulticols=\dimen182
\postmulticols=\dimen183
\multicolsep=\skip64
\multicolbaselineskip=\skip65
\partial@page=\box55
\last@line=\box56
\maxbalancingoverflow=\dimen184
\mult@rightbox=\box57
\mult@grightbox=\box58
\mult@firstbox=\box59
\mult@gfirstbox=\box60
\@tempa=\box61
\@tempa=\box62
\@tempa=\box63
\@tempa=\box64
\@tempa=\box65
\@tempa=\box66
\@tempa=\box67
\@tempa=\box68
\@tempa=\box69
\@tempa=\box70
\@tempa=\box71
\@tempa=\box72
\@tempa=\box73
\@tempa=\box74
\@tempa=\box75
\@tempa=\box76
\@tempa=\box77
\@tempa=\box78
\@tempa=\box79
\@tempa=\box80
\@tempa=\box81
\@tempa=\box82
\@tempa=\box83
\@tempa=\box84
\@tempa=\box85
\@tempa=\box86
\@tempa=\box87
\@tempa=\box88
\@tempa=\box89
\@tempa=\box90
\@tempa=\box91
\@tempa=\box92
\@tempa=\box93
\@tempa=\box94
\@tempa=\box95
\@tempa=\box96
\c@minrows=\count297
\c@columnbadness=\count298
\c@finalcolumnbadness=\count299
\last@try=\dimen185
\multicolovershoot=\dimen186
\multicolundershoot=\dimen187
\mult@nat@firstbox=\box97
\colbreak@box=\box98
\mc@col@check@num=\count300
)
(/nix/store/pqfkdb47f8v986qwixlh01mcz86m7dhb-texlive-combined-full-2021-final/s
hare/texmf/tex/latex/multirow/multirow.sty
Package: multirow 2021/03/15 v2.8 Span multiple rows of a table
\multirow@colwidth=\skip66
\multirow@cntb=\count301
\multirow@dima=\skip67
\bigstrutjot=\dimen188
)
(/nix/store/pqfkdb47f8v986qwixlh01mcz86m7dhb-texlive-combined-full-2021-final/s
hare/texmf/tex/latex/siunitx/siunitx.sty
Package: siunitx 2022-02-15 v3.0.49 A comprehensive (SI) units package
\l__siunitx_angle_tmp_dim=\dimen189
\l__siunitx_angle_marker_box=\box99
\l__siunitx_angle_unit_box=\box100
\l__siunitx_compound_count_int=\count302

(/nix/store/pqfkdb47f8v986qwixlh01mcz86m7dhb-texlive-combined-full-2021-final/s
hare/texmf/tex/latex/translations/translations.sty
Package: translations 2022/02/05 v1.12 internationalization of LaTeX2e packages
 (CN)
)
\l__siunitx_number_exponent_fixed_int=\count303
\l__siunitx_number_min_decimal_int=\count304
\l__siunitx_number_min_integer_int=\count305
\l__siunitx_number_round_precision_int=\count306
\l__siunitx_number_group_minimum_int=\count307
\l__siunitx_table_tmp_box=\box101
\l__siunitx_table_tmp_dim=\dimen190
\l__siunitx_table_column_width_dim=\dimen191
\l__siunitx_table_integer_box=\box102
\l__siunitx_table_decimal_box=\box103
\l__siunitx_table_before_box=\box104
\l__siunitx_table_after_box=\box105
\l__siunitx_table_before_dim=\dimen192
\l__siunitx_table_carry_dim=\dimen193
\l__siunitx_unit_tmp_int=\count308
\l__siunitx_unit_position_int=\count309
\l__siunitx_unit_total_int=\count310

(/nix/store/pqfkdb47f8v986qwixlh01mcz86m7dhb-texlive-combined-full-2021-final/s
hare/texmf/tex/latex/l3packages/l3keys2e/l3keys2e.sty
(/nix/store/pqfkdb47f8v986qwixlh01mcz86m7dhb-texlive-combined-full-2021-final/s
hare/texmf/tex/latex/l3kernel/expl3.sty
Package: expl3 2022-02-24 L3 programming layer (loader) 

(/nix/store/pqfkdb47f8v986qwixlh01mcz86m7dhb-texlive-combined-full-2021-final/s
hare/texmf/tex/latex/l3backend/l3backend-luatex.def
File: l3backend-luatex.def 2022-02-07 L3 backend support: PDF output (LuaTeX)
\l__color_backend_stack_int=\count311
\l__pdf_internal_box=\box106
))
Package: l3keys2e 2022-01-12 LaTeX2e option processing using LaTeX3 keys
))
(/nix/store/pqfkdb47f8v986qwixlh01mcz86m7dhb-texlive-combined-full-2021-final/s
hare/texmf/tex/latex/tools/tabularx.sty
Package: tabularx 2020/01/15 v2.11c `tabularx' package (DPC)
\TX@col@width=\dimen194
\TX@old@table=\dimen195
\TX@old@col=\dimen196
\TX@target=\dimen197
\TX@delta=\dimen198
\TX@cols=\count312
\TX@ftn=\toks27
)
(/nix/store/pqfkdb47f8v986qwixlh01mcz86m7dhb-texlive-combined-full-2021-final/s
hare/texmf/tex/latex/tabularray/tabularray.sty
Package: tabularray 2022-03-01 v2022A Typeset tabulars and arrays with LaTeX3
\l__tblr_a_int=\count313
\l__tblr_c_int=\count314
\l__tblr_r_int=\count315
\l__tblr_d_dim=\dimen199
\l__tblr_h_dim=\dimen256
\l__tblr_o_dim=\dimen257
\l__tblr_p_dim=\dimen258
\l__tblr_q_dim=\dimen259
\l__tblr_r_dim=\dimen260
\l__tblr_s_dim=\dimen261
\l__tblr_t_dim=\dimen262
\l__tblr_v_dim=\dimen263
\l__tblr_w_dim=\dimen264
\l__tblr_a_box=\box107
\l__tblr_b_box=\box108
\l__tblr_c_box=\box109
\l__tblr_d_box=\box110
\g__tblr_table_count_int=\count316
\c@rownum=\count317
\c@colnum=\count318
\c@rowcount=\count319
\c@colcount=\count320
\abovesep=\dimen265
\belowsep=\dimen266
\leftsep=\dimen267
\rightsep=\dimen268
\g_tblr_level_int=\count321
\g__tblr_data_row_key_count_int=\count322
\g__tblr_data_column_key_count_int=\count323
\g__tblr_data_cell_key_count_int=\count324
\g__tblr_array_int=\count325
\l__tblr_key_count_int=\count326
\l__tblr_key_quotient_int=\count327
\l__tblr_key_quotient_two_int=\count328
\l__tblr_key_remainder_int=\count329
\g__tblr_data_str_value_count_int=\count330
\rulewidth=\dimen269
\l__tblr_strut_ht_box=\box111
\l__tblr_strut_dp_box=\box112
\g__tblr_cell_wd_dim=\dimen270
\g__tblr_cell_ht_dim=\dimen271
\g__tblr_cell_head_dim=\dimen272
\g__tblr_cell_foot_dim=\dimen273
\l__column_target_dim=\dimen274
\l__tblr_caption_box=\box113
\l__tblr_caption_left_box=\box114
\l__tblr_row_head_box=\box115
\l__tblr_row_foot_box=\box116
\l__tblr_row_head_foot_dim=\dimen275
\tablewidth=\dimen276
\l__tblr_table_firsthead_box=\box117
\l__tblr_table_middlehead_box=\box118
\l__tblr_table_lasthead_box=\box119
\l__tblr_table_firstfoot_box=\box120
\l__tblr_table_middlefoot_box=\box121
\l__tblr_table_lastfoot_box=\box122
\l__tblr_remain_height_dim=\dimen277
\l__tblr_long_from_int=\count331
\l__tblr_long_to_int=\count332
\l__tblr_curr_i_int=\count333
\l__tblr_prev_i_int=\count334
\l__tblr_table_page_int=\count335
\l__tblr_table_head_box=\box123
\l__tblr_table_foot_box=\box124
\l__tblr_table_head_foot_dim=\dimen278
\l__tblr_table_head_body_foot_dim=\dimen279
\l__tblr_table_box=\box125
\l__tblr_table_hlines_box=\box126
\l__tblr_hline_box=\box127
\l__tblr_row_box=\box128
\l__tblr_col_o_wd_dim=\dimen280
\l__tblr_col_b_wd_dim=\dimen281
\l__tblr_hline_leftskip_dim=\dimen282
\l__tblr_hline_rightskip_dim=\dimen283
\l__tblr_row_ht_dim=\dimen284
\l__tblr_row_dp_dim=\dimen285
\l__tblr_row_abovesep_dim=\dimen286
\l__tblr_row_belowsep_dim=\dimen287
\l__tblr_row_vlines_box=\box129
\l__tblr_vline_box=\box130
\l__tblr_cell_box=\box131
\l__row_upper_dim=\dimen288
\l__row_lower_dim=\dimen289
\l__row_vpace_dim=\dimen290
\l__tblr_vline_aboveskip_dim=\dimen291
\l__tblr_vline_belowskip_dim=\dimen292
\l__tblr_cell_wd_dim=\dimen293
\l__tblr_cell_ht_dim=\dimen294
\l__tblr_diag_box=\box132
)
(/nix/store/pqfkdb47f8v986qwixlh01mcz86m7dhb-texlive-combined-full-2021-final/s
hare/texmf/tex/latex/enumitem/enumitem.sty
Package: enumitem 2019/06/20 v3.9 Customized lists
\labelindent=\skip68
\enit@outerparindent=\dimen295
\enit@toks=\toks28
\enit@inbox=\box133
\enit@count@id=\count336
\enitdp@description=\count337
)
(/nix/store/pqfkdb47f8v986qwixlh01mcz86m7dhb-texlive-combined-full-2021-final/s
hare/texmf/tex/latex/caption/caption.sty
Package: caption 2022/03/01 v3.6b Customizing captions (AR)

(/nix/store/pqfkdb47f8v986qwixlh01mcz86m7dhb-texlive-combined-full-2021-final/s
hare/texmf/tex/latex/caption/caption3.sty
Package: caption3 2022/03/17 v2.3b caption3 kernel (AR)
\caption@tempdima=\dimen296
\captionmargin=\dimen297
\caption@leftmargin=\dimen298
\caption@rightmargin=\dimen299
\caption@width=\dimen300
\caption@indent=\dimen301
\caption@parindent=\dimen302
\caption@hangindent=\dimen303
Package caption Info: Standard document class detected.
)
\c@caption@flags=\count338
\c@continuedfloat=\count339
Package caption Info: hyperref package is loaded.
)
(/nix/store/pqfkdb47f8v986qwixlh01mcz86m7dhb-texlive-combined-full-2021-final/s
hare/texmf/tex/latex/float/float.sty
Package: float 2001/11/08 v1.3d Float enhancements (AL)
\c@float@type=\count340
\float@exts=\toks29
\float@box=\box134
\@float@everytoks=\toks30
\@floatcapt=\box135
)
(/nix/store/pqfkdb47f8v986qwixlh01mcz86m7dhb-texlive-combined-full-2021-final/s
hare/texmf/tex/latex/adjustbox/adjustbox.sty
Package: adjustbox 2020/08/19 v1.3 Adjusting TeX boxes (trim, clip, ...)

(/nix/store/pqfkdb47f8v986qwixlh01mcz86m7dhb-texlive-combined-full-2021-final/s
hare/texmf/tex/latex/xkeyval/xkeyval.sty
Package: xkeyval 2020/11/20 v2.8 package option processing (HA)

(/nix/store/pqfkdb47f8v986qwixlh01mcz86m7dhb-texlive-combined-full-2021-final/s
hare/texmf/tex/generic/xkeyval/xkeyval.tex
(/nix/store/pqfkdb47f8v986qwixlh01mcz86m7dhb-texlive-combined-full-2021-final/s
hare/texmf/tex/generic/xkeyval/xkvutils.tex
\XKV@toks=\toks31
\XKV@tempa@toks=\toks32
)
\XKV@depth=\count341
File: xkeyval.tex 2014/12/03 v2.7a key=value parser (HA)
))
(/nix/store/pqfkdb47f8v986qwixlh01mcz86m7dhb-texlive-combined-full-2021-final/s
hare/texmf/tex/latex/adjustbox/adjcalc.sty
Package: adjcalc 2012/05/16 v1.1 Provides advanced setlength with multiple back
-ends (calc, etex, pgfmath)
)
(/nix/store/pqfkdb47f8v986qwixlh01mcz86m7dhb-texlive-combined-full-2021-final/s
hare/texmf/tex/latex/adjustbox/trimclip.sty
Package: trimclip 2020/08/19 v1.2 Trim and clip general TeX material

(/nix/store/pqfkdb47f8v986qwixlh01mcz86m7dhb-texlive-combined-full-2021-final/s
hare/texmf/tex/latex/collectbox/collectbox.sty
Package: collectbox 2012/05/17 v0.4b Collect macro arguments as boxes
\collectedbox=\box136
)
\tc@llx=\dimen304
\tc@lly=\dimen305
\tc@urx=\dimen306
\tc@ury=\dimen307

(/nix/store/pqfkdb47f8v986qwixlh01mcz86m7dhb-texlive-combined-full-2021-final/s
hare/texmf/tex/latex/adjustbox/tc-pgf.def
File: tc-pgf.def 2019/01/04 v2.2 trimclip fall-back clipping driver using PGF

(/nix/store/pqfkdb47f8v986qwixlh01mcz86m7dhb-texlive-combined-full-2021-final/s
hare/texmf/tex/latex/pgf/basiclayer/pgf.sty
(/nix/store/pqfkdb47f8v986qwixlh01mcz86m7dhb-texlive-combined-full-2021-final/s
hare/texmf/tex/latex/pgf/utilities/pgfrcs.sty
(/nix/store/pqfkdb47f8v986qwixlh01mcz86m7dhb-texlive-combined-full-2021-final/s
hare/texmf/tex/generic/pgf/utilities/pgfutil-common.tex
\pgfutil@everybye=\toks33
\pgfutil@tempdima=\dimen308
\pgfutil@tempdimb=\dimen309

(/nix/store/pqfkdb47f8v986qwixlh01mcz86m7dhb-texlive-combined-full-2021-final/s
hare/texmf/tex/generic/pgf/utilities/pgfutil-common-lists.tex))
(/nix/store/pqfkdb47f8v986qwixlh01mcz86m7dhb-texlive-combined-full-2021-final/s
hare/texmf/tex/generic/pgf/utilities/pgfutil-latex.def
\pgfutil@abb=\box137
)
(/nix/store/pqfkdb47f8v986qwixlh01mcz86m7dhb-texlive-combined-full-2021-final/s
hare/texmf/tex/generic/pgf/utilities/pgfrcs.code.tex
(/nix/store/pqfkdb47f8v986qwixlh01mcz86m7dhb-texlive-combined-full-2021-final/s
hare/texmf/tex/generic/pgf/pgf.revision.tex)
Package: pgfrcs 2021/05/15 v3.1.9a (3.1.9a)
))
Package: pgf 2021/05/15 v3.1.9a (3.1.9a)

(/nix/store/pqfkdb47f8v986qwixlh01mcz86m7dhb-texlive-combined-full-2021-final/s
hare/texmf/tex/latex/pgf/basiclayer/pgfcore.sty
(/nix/store/pqfkdb47f8v986qwixlh01mcz86m7dhb-texlive-combined-full-2021-final/s
hare/texmf/tex/latex/pgf/systemlayer/pgfsys.sty
(/nix/store/pqfkdb47f8v986qwixlh01mcz86m7dhb-texlive-combined-full-2021-final/s
hare/texmf/tex/generic/pgf/systemlayer/pgfsys.code.tex
Package: pgfsys 2021/05/15 v3.1.9a (3.1.9a)

(/nix/store/pqfkdb47f8v986qwixlh01mcz86m7dhb-texlive-combined-full-2021-final/s
hare/texmf/tex/generic/pgf/utilities/pgfkeys.code.tex
\pgfkeys@pathtoks=\toks34
\pgfkeys@temptoks=\toks35

(/nix/store/pqfkdb47f8v986qwixlh01mcz86m7dhb-texlive-combined-full-2021-final/s
hare/texmf/tex/generic/pgf/utilities/pgfkeysfiltered.code.tex
\pgfkeys@tmptoks=\toks36
))
\pgf@x=\dimen310
\pgf@y=\dimen311
\pgf@xa=\dimen312
\pgf@ya=\dimen313
\pgf@xb=\dimen314
\pgf@yb=\dimen315
\pgf@xc=\dimen316
\pgf@yc=\dimen317
\pgf@xd=\dimen318
\pgf@yd=\dimen319
\w@pgf@writea=\write3
\r@pgf@reada=\read3
\c@pgf@counta=\count342
\c@pgf@countb=\count343
\c@pgf@countc=\count344
\c@pgf@countd=\count345
\t@pgf@toka=\toks37
\t@pgf@tokb=\toks38
\t@pgf@tokc=\toks39
\pgf@sys@id@count=\count346

(/nix/store/pqfkdb47f8v986qwixlh01mcz86m7dhb-texlive-combined-full-2021-final/s
hare/texmf/tex/generic/pgf/systemlayer/pgf.cfg
File: pgf.cfg 2021/05/15 v3.1.9a (3.1.9a)
)
Driver file for pgf: pgfsys-luatex.def

(/nix/store/pqfkdb47f8v986qwixlh01mcz86m7dhb-texlive-combined-full-2021-final/s
hare/texmf/tex/generic/pgf/systemlayer/pgfsys-luatex.def
File: pgfsys-luatex.def 2021/05/15 v3.1.9a (3.1.9a)

(/nix/store/pqfkdb47f8v986qwixlh01mcz86m7dhb-texlive-combined-full-2021-final/s
hare/texmf/tex/generic/pgf/systemlayer/pgfsys-common-pdf.def
File: pgfsys-common-pdf.def 2021/05/15 v3.1.9a (3.1.9a)
)))
(/nix/store/pqfkdb47f8v986qwixlh01mcz86m7dhb-texlive-combined-full-2021-final/s
hare/texmf/tex/generic/pgf/systemlayer/pgfsyssoftpath.code.tex
File: pgfsyssoftpath.code.tex 2021/05/15 v3.1.9a (3.1.9a)
\pgfsyssoftpath@smallbuffer@items=\count347
\pgfsyssoftpath@bigbuffer@items=\count348
)
(/nix/store/pqfkdb47f8v986qwixlh01mcz86m7dhb-texlive-combined-full-2021-final/s
hare/texmf/tex/generic/pgf/systemlayer/pgfsysprotocol.code.tex
File: pgfsysprotocol.code.tex 2021/05/15 v3.1.9a (3.1.9a)
))
(/nix/store/pqfkdb47f8v986qwixlh01mcz86m7dhb-texlive-combined-full-2021-final/s
hare/texmf/tex/generic/pgf/basiclayer/pgfcore.code.tex
Package: pgfcore 2021/05/15 v3.1.9a (3.1.9a)

(/nix/store/pqfkdb47f8v986qwixlh01mcz86m7dhb-texlive-combined-full-2021-final/s
hare/texmf/tex/generic/pgf/math/pgfmath.code.tex
(/nix/store/pqfkdb47f8v986qwixlh01mcz86m7dhb-texlive-combined-full-2021-final/s
hare/texmf/tex/generic/pgf/math/pgfmathcalc.code.tex
(/nix/store/pqfkdb47f8v986qwixlh01mcz86m7dhb-texlive-combined-full-2021-final/s
hare/texmf/tex/generic/pgf/math/pgfmathutil.code.tex)
(/nix/store/pqfkdb47f8v986qwixlh01mcz86m7dhb-texlive-combined-full-2021-final/s
hare/texmf/tex/generic/pgf/math/pgfmathparser.code.tex
\pgfmath@dimen=\dimen320
\pgfmath@count=\count349
\pgfmath@box=\box138
\pgfmath@toks=\toks40
\pgfmath@stack@operand=\toks41
\pgfmath@stack@operation=\toks42
)
(/nix/store/pqfkdb47f8v986qwixlh01mcz86m7dhb-texlive-combined-full-2021-final/s
hare/texmf/tex/generic/pgf/math/pgfmathfunctions.code.tex
(/nix/store/pqfkdb47f8v986qwixlh01mcz86m7dhb-texlive-combined-full-2021-final/s
hare/texmf/tex/generic/pgf/math/pgfmathfunctions.basic.code.tex)
(/nix/store/pqfkdb47f8v986qwixlh01mcz86m7dhb-texlive-combined-full-2021-final/s
hare/texmf/tex/generic/pgf/math/pgfmathfunctions.trigonometric.code.tex)
(/nix/store/pqfkdb47f8v986qwixlh01mcz86m7dhb-texlive-combined-full-2021-final/s
hare/texmf/tex/generic/pgf/math/pgfmathfunctions.random.code.tex)
(/nix/store/pqfkdb47f8v986qwixlh01mcz86m7dhb-texlive-combined-full-2021-final/s
hare/texmf/tex/generic/pgf/math/pgfmathfunctions.comparison.code.tex)
(/nix/store/pqfkdb47f8v986qwixlh01mcz86m7dhb-texlive-combined-full-2021-final/s
hare/texmf/tex/generic/pgf/math/pgfmathfunctions.base.code.tex)
(/nix/store/pqfkdb47f8v986qwixlh01mcz86m7dhb-texlive-combined-full-2021-final/s
hare/texmf/tex/generic/pgf/math/pgfmathfunctions.round.code.tex)
(/nix/store/pqfkdb47f8v986qwixlh01mcz86m7dhb-texlive-combined-full-2021-final/s
hare/texmf/tex/generic/pgf/math/pgfmathfunctions.misc.code.tex)
(/nix/store/pqfkdb47f8v986qwixlh01mcz86m7dhb-texlive-combined-full-2021-final/s
hare/texmf/tex/generic/pgf/math/pgfmathfunctions.integerarithmetics.code.tex)))
(/nix/store/pqfkdb47f8v986qwixlh01mcz86m7dhb-texlive-combined-full-2021-final/s
hare/texmf/tex/generic/pgf/math/pgfmathfloat.code.tex
\c@pgfmathroundto@lastzeros=\count350
))
(/nix/store/pqfkdb47f8v986qwixlh01mcz86m7dhb-texlive-combined-full-2021-final/s
hare/texmf/tex/generic/pgf/math/pgfint.code.tex)
(/nix/store/pqfkdb47f8v986qwixlh01mcz86m7dhb-texlive-combined-full-2021-final/s
hare/texmf/tex/generic/pgf/basiclayer/pgfcorepoints.code.tex
File: pgfcorepoints.code.tex 2021/05/15 v3.1.9a (3.1.9a)
\pgf@picminx=\dimen321
\pgf@picmaxx=\dimen322
\pgf@picminy=\dimen323
\pgf@picmaxy=\dimen324
\pgf@pathminx=\dimen325
\pgf@pathmaxx=\dimen326
\pgf@pathminy=\dimen327
\pgf@pathmaxy=\dimen328
\pgf@xx=\dimen329
\pgf@xy=\dimen330
\pgf@yx=\dimen331
\pgf@yy=\dimen332
\pgf@zx=\dimen333
\pgf@zy=\dimen334
)
(/nix/store/pqfkdb47f8v986qwixlh01mcz86m7dhb-texlive-combined-full-2021-final/s
hare/texmf/tex/generic/pgf/basiclayer/pgfcorepathconstruct.code.tex
File: pgfcorepathconstruct.code.tex 2021/05/15 v3.1.9a (3.1.9a)
\pgf@path@lastx=\dimen335
\pgf@path@lasty=\dimen336
)
(/nix/store/pqfkdb47f8v986qwixlh01mcz86m7dhb-texlive-combined-full-2021-final/s
hare/texmf/tex/generic/pgf/basiclayer/pgfcorepathusage.code.tex
File: pgfcorepathusage.code.tex 2021/05/15 v3.1.9a (3.1.9a)
\pgf@shorten@end@additional=\dimen337
\pgf@shorten@start@additional=\dimen338
)
(/nix/store/pqfkdb47f8v986qwixlh01mcz86m7dhb-texlive-combined-full-2021-final/s
hare/texmf/tex/generic/pgf/basiclayer/pgfcorescopes.code.tex
File: pgfcorescopes.code.tex 2021/05/15 v3.1.9a (3.1.9a)
\pgfpic=\box139
\pgf@hbox=\box140
\pgf@layerbox@main=\box141
\pgf@picture@serial@count=\count351
)
(/nix/store/pqfkdb47f8v986qwixlh01mcz86m7dhb-texlive-combined-full-2021-final/s
hare/texmf/tex/generic/pgf/basiclayer/pgfcoregraphicstate.code.tex
File: pgfcoregraphicstate.code.tex 2021/05/15 v3.1.9a (3.1.9a)
\pgflinewidth=\dimen339
)
(/nix/store/pqfkdb47f8v986qwixlh01mcz86m7dhb-texlive-combined-full-2021-final/s
hare/texmf/tex/generic/pgf/basiclayer/pgfcoretransformations.code.tex
File: pgfcoretransformations.code.tex 2021/05/15 v3.1.9a (3.1.9a)
\pgf@pt@x=\dimen340
\pgf@pt@y=\dimen341
\pgf@pt@temp=\dimen342
)
(/nix/store/pqfkdb47f8v986qwixlh01mcz86m7dhb-texlive-combined-full-2021-final/s
hare/texmf/tex/generic/pgf/basiclayer/pgfcorequick.code.tex
File: pgfcorequick.code.tex 2021/05/15 v3.1.9a (3.1.9a)
)
(/nix/store/pqfkdb47f8v986qwixlh01mcz86m7dhb-texlive-combined-full-2021-final/s
hare/texmf/tex/generic/pgf/basiclayer/pgfcoreobjects.code.tex
File: pgfcoreobjects.code.tex 2021/05/15 v3.1.9a (3.1.9a)
)
(/nix/store/pqfkdb47f8v986qwixlh01mcz86m7dhb-texlive-combined-full-2021-final/s
hare/texmf/tex/generic/pgf/basiclayer/pgfcorepathprocessing.code.tex
File: pgfcorepathprocessing.code.tex 2021/05/15 v3.1.9a (3.1.9a)
)
(/nix/store/pqfkdb47f8v986qwixlh01mcz86m7dhb-texlive-combined-full-2021-final/s
hare/texmf/tex/generic/pgf/basiclayer/pgfcorearrows.code.tex
File: pgfcorearrows.code.tex 2021/05/15 v3.1.9a (3.1.9a)
\pgfarrowsep=\dimen343
)
(/nix/store/pqfkdb47f8v986qwixlh01mcz86m7dhb-texlive-combined-full-2021-final/s
hare/texmf/tex/generic/pgf/basiclayer/pgfcoreshade.code.tex
File: pgfcoreshade.code.tex 2021/05/15 v3.1.9a (3.1.9a)
\pgf@max=\dimen344
\pgf@sys@shading@range@num=\count352
\pgf@shadingcount=\count353
)
(/nix/store/pqfkdb47f8v986qwixlh01mcz86m7dhb-texlive-combined-full-2021-final/s
hare/texmf/tex/generic/pgf/basiclayer/pgfcoreimage.code.tex
File: pgfcoreimage.code.tex 2021/05/15 v3.1.9a (3.1.9a)

(/nix/store/pqfkdb47f8v986qwixlh01mcz86m7dhb-texlive-combined-full-2021-final/s
hare/texmf/tex/generic/pgf/basiclayer/pgfcoreexternal.code.tex
File: pgfcoreexternal.code.tex 2021/05/15 v3.1.9a (3.1.9a)
\pgfexternal@startupbox=\box142
))
(/nix/store/pqfkdb47f8v986qwixlh01mcz86m7dhb-texlive-combined-full-2021-final/s
hare/texmf/tex/generic/pgf/basiclayer/pgfcorelayers.code.tex
File: pgfcorelayers.code.tex 2021/05/15 v3.1.9a (3.1.9a)
)
(/nix/store/pqfkdb47f8v986qwixlh01mcz86m7dhb-texlive-combined-full-2021-final/s
hare/texmf/tex/generic/pgf/basiclayer/pgfcoretransparency.code.tex
File: pgfcoretransparency.code.tex 2021/05/15 v3.1.9a (3.1.9a)
)
(/nix/store/pqfkdb47f8v986qwixlh01mcz86m7dhb-texlive-combined-full-2021-final/s
hare/texmf/tex/generic/pgf/basiclayer/pgfcorepatterns.code.tex
File: pgfcorepatterns.code.tex 2021/05/15 v3.1.9a (3.1.9a)
)
(/nix/store/pqfkdb47f8v986qwixlh01mcz86m7dhb-texlive-combined-full-2021-final/s
hare/texmf/tex/generic/pgf/basiclayer/pgfcorerdf.code.tex
File: pgfcorerdf.code.tex 2021/05/15 v3.1.9a (3.1.9a)
)))
(/nix/store/pqfkdb47f8v986qwixlh01mcz86m7dhb-texlive-combined-full-2021-final/s
hare/texmf/tex/generic/pgf/modules/pgfmoduleshapes.code.tex
File: pgfmoduleshapes.code.tex 2021/05/15 v3.1.9a (3.1.9a)
\pgfnodeparttextbox=\box143
)
(/nix/store/pqfkdb47f8v986qwixlh01mcz86m7dhb-texlive-combined-full-2021-final/s
hare/texmf/tex/generic/pgf/modules/pgfmoduleplot.code.tex
File: pgfmoduleplot.code.tex 2021/05/15 v3.1.9a (3.1.9a)
)
(/nix/store/pqfkdb47f8v986qwixlh01mcz86m7dhb-texlive-combined-full-2021-final/s
hare/texmf/tex/latex/pgf/compatibility/pgfcomp-version-0-65.sty
Package: pgfcomp-version-0-65 2021/05/15 v3.1.9a (3.1.9a)
\pgf@nodesepstart=\dimen345
\pgf@nodesepend=\dimen346
)
(/nix/store/pqfkdb47f8v986qwixlh01mcz86m7dhb-texlive-combined-full-2021-final/s
hare/texmf/tex/latex/pgf/compatibility/pgfcomp-version-1-18.sty
Package: pgfcomp-version-1-18 2021/05/15 v3.1.9a (3.1.9a)
)))
Package trimclip Info: No clipping driver 'tc-luatex.def' available.
(trimclip)             Using fall-back PGF driver.
)
\adjbox@Width=\dimen347
\adjbox@Height=\dimen348
\adjbox@Depth=\dimen349
\adjbox@Totalheight=\dimen350
\adjbox@pwidth=\dimen351
\adjbox@pheight=\dimen352
\adjbox@pdepth=\dimen353
\adjbox@ptotalheight=\dimen354

(/nix/store/pqfkdb47f8v986qwixlh01mcz86m7dhb-texlive-combined-full-2021-final/s
hare/texmf/tex/latex/ifoddpage/ifoddpage.sty
Package: ifoddpage 2016/04/23 v1.1 Conditionals for odd/even page detection
\c@checkoddpage=\count354
)
(/nix/store/pqfkdb47f8v986qwixlh01mcz86m7dhb-texlive-combined-full-2021-final/s
hare/texmf/tex/latex/varwidth/varwidth.sty
Package: varwidth 2009/03/30 ver 0.92;  Variable-width minipages
\@vwid@box=\box144
\sift@deathcycles=\count355
\@vwid@loff=\dimen355
\@vwid@roff=\dimen356
))
(/nix/store/pqfkdb47f8v986qwixlh01mcz86m7dhb-texlive-combined-full-2021-final/s
hare/texmf/tex/latex/mwe/mwe.sty
Package: mwe 2018/03/30 v0.5 Package to support minimal working examples (MWE)

(/nix/store/pqfkdb47f8v986qwixlh01mcz86m7dhb-texlive-combined-full-2021-final/s
hare/texmf/tex/latex/lipsum/lipsum.sty
Package: lipsum 2021-09-20 v2.7 150 paragraphs of Lorem Ipsum dummy text
\g__lipsum_par_int=\count356
\l__lipsum_a_int=\count357
\l__lipsum_b_int=\count358

(/nix/store/pqfkdb47f8v986qwixlh01mcz86m7dhb-texlive-combined-full-2021-final/s
hare/texmf/tex/latex/lipsum/lipsum.ltd.tex))
(/nix/store/pqfkdb47f8v986qwixlh01mcz86m7dhb-texlive-combined-full-2021-final/s
hare/texmf/tex/latex/blindtext/blindtext.sty
Package: blindtext 2012/01/06 V2.0 blindtext-Package

(/nix/store/pqfkdb47f8v986qwixlh01mcz86m7dhb-texlive-combined-full-2021-final/s
hare/texmf/tex/latex/tools/xspace.sty
Package: xspace 2014/10/28 v1.13 Space after command names (DPC,MH)
)
\c@blindtext=\count359
\c@Blindtext=\count360
\c@blind@countparstart=\count361
\blind@countxx=\count362
\blindtext@numBlindtext=\count363
\blind@countyy=\count364
\c@blindlist=\count365
\c@blindlistlevel=\count366
\c@blindlist@level=\count367
\blind@listitem=\count368
\c@blind@listcount=\count369
\c@blind@levelcount=\count370
\blind@mathformula=\count371
\blind@Mathformula=\count372
\c@blind@randomcount=\count373
\c@blind@randommax=\count374
\c@blind@pangramcount=\count375
\c@blind@pangrammax=\count376
))
Package hyperref Info: Option `colorlinks' set `true' on input line 34.
 (./main.aux
("./capitoli/Modello Funzionale/Requisiti.aux")
("./capitoli/Modello Funzionale/UseCaseDiagram.aux")
("./capitoli/Modello Funzionale/Mockup.aux")
("./capitoli/Modello Funzionale/Tabelle di Cockburn.aux"))
\openout1 = main.aux

LaTeX Font Info:    Checking defaults for OML/cmm/m/it on input line 39.
LaTeX Font Info:    ... okay on input line 39.
LaTeX Font Info:    Checking defaults for OMS/cmsy/m/n on input line 39.
LaTeX Font Info:    ... okay on input line 39.
LaTeX Font Info:    Checking defaults for OT1/cmr/m/n on input line 39.
LaTeX Font Info:    ... okay on input line 39.
LaTeX Font Info:    Checking defaults for T1/cmr/m/n on input line 39.
LaTeX Font Info:    ... okay on input line 39.
LaTeX Font Info:    Checking defaults for TS1/cmr/m/n on input line 39.
LaTeX Font Info:    Trying to load font information for TS1+cmr on input line 3
9.

(/nix/store/pqfkdb47f8v986qwixlh01mcz86m7dhb-texlive-combined-full-2021-final/s
hare/texmf/tex/latex/base/ts1cmr.fd
File: ts1cmr.fd 2019/12/16 v2.5j Standard LaTeX font definitions
)
LaTeX Font Info:    ... okay on input line 39.
LaTeX Font Info:    Checking defaults for TU/lmr/m/n on input line 39.
LaTeX Font Info:    ... okay on input line 39.
LaTeX Font Info:    Checking defaults for OMX/cmex/m/n on input line 39.
LaTeX Font Info:    ... okay on input line 39.
LaTeX Font Info:    Checking defaults for U/cmr/m/n on input line 39.
LaTeX Font Info:    ... okay on input line 39.
LaTeX Font Info:    Checking defaults for T5/cmr/m/n on input line 39.
LaTeX Font Info:    Trying to load font information for T5+cmr on input line 39
.

(/nix/store/pqfkdb47f8v986qwixlh01mcz86m7dhb-texlive-combined-full-2021-final/s
hare/texmf/tex/latex/vntex/t5cmr.fd
File: t5cmr.fd 1999/05/25 v2.5h Standard LaTeX font definitions
)
LaTeX Font Info:    ... okay on input line 39.
LaTeX Font Info:    Checking defaults for PD1/pdf/m/n on input line 39.
LaTeX Font Info:    ... okay on input line 39.
LaTeX Font Info:    Checking defaults for PU/pdf/m/n on input line 39.
LaTeX Font Info:    ... okay on input line 39.

*geometry* driver: auto-detecting
*geometry* detected driver: luatex
*geometry* verbose mode - [ preamble ] result:
* driver: luatex
* paper: a4paper
* layout: <same size as paper>
* layoutoffset:(h,v)=(0.0pt,0.0pt)
* modes: 
* h-part:(L,W,R)=(56.9055pt, 483.69687pt, 56.9055pt)
* v-part:(T,H,B)=(85.35826pt, 674.33032pt, 85.35826pt)
* \paperwidth=597.50787pt
* \paperheight=845.04684pt
* \textwidth=483.69687pt
* \textheight=674.33032pt
* \oddsidemargin=-15.36449pt
* \evensidemargin=-15.36449pt
* \topmargin=-23.91173pt
* \headheight=40.0pt
* \headsep=25.0pt
* \topskip=10.0pt
* \footskip=30.0pt
* \marginparwidth=65.0pt
* \marginparsep=11.0pt
* \columnsep=10.0pt
* \skip\footins=9.0pt plus 4.0pt minus 2.0pt
* \hoffset=0.0pt
* \voffset=0.0pt
* \mag=1000
* \@twocolumnfalse
* \@twosidefalse
* \@mparswitchfalse
* \@reversemarginfalse
* (1in=72.27pt=25.4mm, 1cm=28.453pt)


(/nix/store/pqfkdb47f8v986qwixlh01mcz86m7dhb-texlive-combined-full-2021-final/s
hare/texmf/tex/context/base/mkii/supp-pdf.mkii
[Loading MPS to PDF converter (version 2006.09.02).]
\scratchcounter=\count377
\scratchdimen=\dimen357
\scratchbox=\box145
\nofMPsegments=\count378
\nofMParguments=\count379
\everyMPshowfont=\toks43
\MPscratchCnt=\count380
\MPscratchDim=\dimen358
\MPnumerator=\count381
\makeMPintoPDFobject=\count382
\everyMPtoPDFconversion=\toks44
)
(/nix/store/pqfkdb47f8v986qwixlh01mcz86m7dhb-texlive-combined-full-2021-final/s
hare/texmf/tex/latex/epstopdf-pkg/epstopdf-base.sty
Package: epstopdf-base 2020-01-24 v2.11 Base part for package epstopdf
Package epstopdf-base Info: Redefining graphics rule for `.eps' on input line 4
85.

(/nix/store/pqfkdb47f8v986qwixlh01mcz86m7dhb-texlive-combined-full-2021-final/s
hare/texmf/tex/latex/latexconfig/epstopdf-sys.cfg
File: epstopdf-sys.cfg 2010/07/13 v1.3 Configuration of (r)epstopdf for TeX Liv
e
))
Package lastpage Info: Please have a look at the pageslts package at
(lastpage)             https://www.ctan.org/pkg/pageslts
(lastpage)             ! on input line 39.
Package hyperref Info: Link coloring ON on input line 39.

(/nix/store/pqfkdb47f8v986qwixlh01mcz86m7dhb-texlive-combined-full-2021-final/s
hare/texmf/tex/latex/hyperref/nameref.sty
Package: nameref 2021-04-02 v2.47 Cross-referencing by name of section

(/nix/store/pqfkdb47f8v986qwixlh01mcz86m7dhb-texlive-combined-full-2021-final/s
hare/texmf/tex/latex/refcount/refcount.sty
Package: refcount 2019/12/15 v3.6 Data extraction from label references (HO)
)
(/nix/store/pqfkdb47f8v986qwixlh01mcz86m7dhb-texlive-combined-full-2021-final/s
hare/texmf/tex/generic/gettitlestring/gettitlestring.sty
Package: gettitlestring 2019/12/15 v1.6 Cleanup title references (HO)
)
\c@section@level=\count383
)
LaTeX Info: Redefining \ref on input line 39.
LaTeX Info: Redefining \pageref on input line 39.
LaTeX Info: Redefining \nameref on input line 39.
 (./main.out)
(./main.out)
\@outlinefile=\write4

\openout4 = main.out
\symgns@font=\mathgroup6
LaTeX Font Info:    Overwriting symbol font `gns@font' in version `bold'
(Font)                  TS1/lmr/m/n --> TS1/lmr/b/n on input line 39.
Package gensymb Info: Math companion symbols declared on input line 39.
LaTeX Info: Redefining \degree on input line 39.
LaTeX Info: Redefining \celsius on input line 39.
Package gensymb Info: Using text companion symbols for \degree, \celsius and \p
erthousand on input line 39.
LaTeX Info: Redefining \ohm on input line 39.
Package gensymb Info: Using \textohm for \ohm on input line 39.
Package gensymb Info: Using \textmu for \micro on input line 39.
Package translations Info: no dictionary file `translations-basic-dictionary-it
alian.trsl' found. on input line 39.

(/nix/store/pqfkdb47f8v986qwixlh01mcz86m7dhb-texlive-combined-full-2021-final/s
hare/texmf/tex/latex/ninecolors/ninecolors.sty
Package: ninecolors 2022-02-13 vv2022D Select colors with proper color contrast


(/nix/store/pqfkdb47f8v986qwixlh01mcz86m7dhb-texlive-combined-full-2021-final/s
hare/texmf/tex/latex/l3packages/xparse/xparse.sty
Package: xparse 2022-01-12 L3 Experimental document command parser
))
Package caption Info: Begin \AtBeginDocument code.
Package caption Info: float package is loaded.
Package caption Info: End \AtBeginDocument code.
<assets/Logo1.png, id=91, 497.86pt x 455.7025pt>
File: assets/Logo1.png Graphic file (type png)
<use assets/Logo1.png>
Package luatex.def Info: assets/Logo1.png  used on input line 41.
(luatex.def)             Requested size: 290.22107pt x 265.64964pt.
LaTeX Font Info:    Trying to load font information for U+msa on input line 41.


(/nix/store/pqfkdb47f8v986qwixlh01mcz86m7dhb-texlive-combined-full-2021-final/s
hare/texmf/tex/latex/amsfonts/umsa.fd
File: umsa.fd 2013/01/14 v3.01 AMS symbols A
)
LaTeX Font Info:    Trying to load font information for U+msb on input line 41.


(/nix/store/pqfkdb47f8v986qwixlh01mcz86m7dhb-texlive-combined-full-2021-final/s
hare/texmf/tex/latex/amsfonts/umsb.fd
File: umsb.fd 2013/01/14 v3.01 AMS symbols B
) [1

{/nix/store/pqfkdb47f8v986qwixlh01mcz86m7dhb-texlive-combined-full-2021-final/sh
are/texmf-var/fonts/map/pdftex/updmap/pdftex.map}<./assets/Logo1.png>]
> Step: init table outer spec.
> Step: parse table options.
> Step: split table.
> Step: init table inner spec.
> Step: parse table inner spec.
> Step: execute table commands.
> Step: calculate cell and line sizes.
> Step: build the whole table.
File: assets/Logo1.png Graphic file (type png)
<use assets/Logo1.png>
Package luatex.def Info: assets/Logo1.png  used on input line 53.
(luatex.def)             Requested size: 28.44972pt x 28.44656pt.
LaTeX Font Info:    Trying to load font information for T5+lmtt on input line 5
3.

(/nix/store/pqfkdb47f8v986qwixlh01mcz86m7dhb-texlive-combined-full-2021-final/s
hare/texmf/tex/latex/lm/t5lmtt.fd
File: t5lmtt.fd 2015/05/01 v1.6.1 Font defs for Latin Modern
)
LaTeX Font Info:    Font shape `T5/lmtt/bx/n' in size <10> not available
(Font)              Font shape `T5/lmtt/b/n' tried instead on input line 53.
 [2

] (./main.toc)
\tf@toc=\write5

\openout5 = main.toc
File: assets/Logo1.png Graphic file (type png)
<use assets/Logo1.png>
Package luatex.def Info: assets/Logo1.png  used on input line 55.
(luatex.def)             Requested size: 28.44972pt x 28.44656pt.
 [3]
File: assets/Logo1.png Graphic file (type png)
<use assets/Logo1.png>
Package luatex.def Info: assets/Logo1.png  used on input line 88.
(luatex.def)             Requested size: 28.44972pt x 28.44656pt.
 [4
Missing character: There is no  (U+2019) in font t5-lmr12!
Missing character: There is no  (U+2019) in font t5-lmr12!
]
\openout2 = capitoli/Modello Funzionale/Requisiti.aux
 ("./capitoli/Modello Funzionale/Requisiti.tex"
> Step: init table outer spec.
> Step: parse table options.
> Step: split table.
> Step: init table inner spec.
> Step: parse table inner spec.
> Step: execute table commands.
> Step: calculate cell and line sizes.
> Step: build the whole table.
> Step: init table outer spec.
> Step: parse table options.
> Step: split table.
> Step: init table inner spec.
> Step: parse table inner spec.
> Step: execute table commands.
> Step: calculate cell and line sizes.
> Step: build the whole table.
> Step: init table outer spec.
> Step: parse table options.
> Step: split table.
> Step: init table inner spec.
> Step: parse table inner spec.
> Step: execute table commands.
> Step: calculate cell and line sizes.
> Step: build the whole table.
> Step: init table outer spec.
> Step: parse table options.
> Step: split table.
> Step: init table inner spec.
> Step: parse table inner spec.
> Step: execute table commands.
> Step: calculate cell and line sizes.
> Step: build the whole table.
> Step: init table outer spec.
> Step: parse table options.
> Step: split table.
> Step: init table inner spec.
> Step: parse table inner spec.
> Step: execute table commands.
> Step: calculate cell and line sizes.
> Step: build the whole table.
File: assets/Logo1.png Graphic file (type png)
<use assets/Logo1.png>
Package luatex.def Info: assets/Logo1.png  used on input line 57.
(luatex.def)             Requested size: 28.44972pt x 28.44656pt.
 [5

]
> Step: init table outer spec.
> Step: parse table options.
> Step: split table.
> Step: init table inner spec.
> Step: parse table inner spec.
> Step: execute table commands.
> Step: calculate cell and line sizes.
> Step: build the whole table.
> Step: init table outer spec.
> Step: parse table options.
> Step: split table.
> Step: init table inner spec.
> Step: parse table inner spec.
> Step: execute table commands.
> Step: calculate cell and line sizes.
> Step: build the whole table.
> Step: init table outer spec.
> Step: parse table options.
> Step: split table.
> Step: init table inner spec.
> Step: parse table inner spec.
> Step: execute table commands.
> Step: calculate cell and line sizes.
> Step: build the whole table.
> Step: init table outer spec.
> Step: parse table options.
> Step: split table.
> Step: init table inner spec.
> Step: parse table inner spec.
> Step: execute table commands.
> Step: calculate cell and line sizes.
> Step: build the whole table.
> Step: init table outer spec.
> Step: parse table options.
> Step: split table.
> Step: init table inner spec.
> Step: parse table inner spec.
> Step: execute table commands.
> Step: calculate cell and line sizes.
> Step: build the whole table.
File: assets/Logo1.png Graphic file (type png)
<use assets/Logo1.png>
Package luatex.def Info: assets/Logo1.png  used on input line 102.
(luatex.def)             Requested size: 28.44972pt x 28.44656pt.
 [6]
> Step: init table outer spec.
> Step: parse table options.
> Step: split table.
> Step: init table inner spec.
> Step: parse table inner spec.
> Step: execute table commands.
> Step: calculate cell and line sizes.
> Step: build the whole table.
> Step: init table outer spec.
> Step: parse table options.
> Step: split table.
> Step: init table inner spec.
> Step: parse table inner spec.
> Step: execute table commands.
> Step: calculate cell and line sizes.
> Step: build the whole table.
> Step: init table outer spec.
> Step: parse table options.
> Step: split table.
> Step: init table inner spec.
> Step: parse table inner spec.
> Step: execute table commands.
> Step: calculate cell and line sizes.
> Step: build the whole table.
> Step: init table outer spec.
> Step: parse table options.
> Step: split table.
> Step: init table inner spec.
> Step: parse table inner spec.
> Step: execute table commands.
> Step: calculate cell and line sizes.
> Step: build the whole table.
> Step: init table outer spec.
> Step: parse table options.
> Step: split table.
> Step: init table inner spec.
> Step: parse table inner spec.
> Step: execute table commands.
> Step: calculate cell and line sizes.
> Step: build the whole table.
> Step: init table outer spec.
> Step: parse table options.
> Step: split table.
> Step: init table inner spec.
> Step: parse table inner spec.
> Step: execute table commands.
> Step: calculate cell and line sizes.
> Step: build the whole table.
File: assets/Logo1.png Graphic file (type png)
<use assets/Logo1.png>
Package luatex.def Info: assets/Logo1.png  used on input line 158.
(luatex.def)             Requested size: 28.44972pt x 28.44656pt.
 [7]
> Step: init table outer spec.
> Step: parse table options.
> Step: split table.
> Step: init table inner spec.
> Step: parse table inner spec.
> Step: execute table commands.
> Step: calculate cell and line sizes.
> Step: build the whole table.
> Step: init table outer spec.
> Step: parse table options.
> Step: split table.
> Step: init table inner spec.
> Step: parse table inner spec.
> Step: execute table commands.
> Step: calculate cell and line sizes.
> Step: build the whole table.
> Step: init table outer spec.
> Step: parse table options.
> Step: split table.
> Step: init table inner spec.
> Step: parse table inner spec.
> Step: execute table commands.
> Step: calculate cell and line sizes.
> Step: build the whole table.
> Step: init table outer spec.
> Step: parse table options.
> Step: split table.
> Step: init table inner spec.
> Step: parse table inner spec.
> Step: execute table commands.
> Step: calculate cell and line sizes.
> Step: build the whole table.
> Step: init table outer spec.
> Step: parse table options.
> Step: split table.
> Step: init table inner spec.
> Step: parse table inner spec.
> Step: execute table commands.
> Step: calculate cell and line sizes.
> Step: build the whole table.
> Step: init table outer spec.
> Step: parse table options.
> Step: split table.
> Step: init table inner spec.
> Step: parse table inner spec.
> Step: execute table commands.
> Step: calculate cell and line sizes.
> Step: build the whole table.
File: assets/Logo1.png Graphic file (type png)
<use assets/Logo1.png>
Package luatex.def Info: assets/Logo1.png  used on input line 219.
(luatex.def)             Requested size: 28.44972pt x 28.44656pt.
 [8]
> Step: init table outer spec.
> Step: parse table options.
> Step: split table.
> Step: init table inner spec.
> Step: parse table inner spec.
> Step: execute table commands.
> Step: calculate cell and line sizes.
> Step: build the whole table.
> Step: init table outer spec.
> Step: parse table options.
> Step: split table.
> Step: init table inner spec.
> Step: parse table inner spec.
> Step: execute table commands.
> Step: calculate cell and line sizes.
> Step: build the whole table.
> Step: init table outer spec.
> Step: parse table options.
> Step: split table.
> Step: init table inner spec.
> Step: parse table inner spec.
> Step: execute table commands.
> Step: calculate cell and line sizes.
> Step: build the whole table.
> Step: init table outer spec.
> Step: parse table options.
> Step: split table.
> Step: init table inner spec.
> Step: parse table inner spec.
> Step: execute table commands.
> Step: calculate cell and line sizes.
> Step: build the whole table.
> Step: init table outer spec.
> Step: parse table options.
> Step: split table.
> Step: init table inner spec.
> Step: parse table inner spec.
> Step: execute table commands.
> Step: calculate cell and line sizes.
> Step: build the whole table.
File: assets/Logo1.png Graphic file (type png)
<use assets/Logo1.png>
Package luatex.def Info: assets/Logo1.png  used on input line 270.
(luatex.def)             Requested size: 28.44972pt x 28.44656pt.
 [9]
> Step: init table outer spec.
> Step: parse table options.
> Step: split table.
> Step: init table inner spec.
> Step: parse table inner spec.
> Step: execute table commands.
> Step: calculate cell and line sizes.
> Step: build the whole table.
> Step: init table outer spec.
> Step: parse table options.
> Step: split table.
> Step: init table inner spec.
> Step: parse table inner spec.
> Step: execute table commands.
> Step: calculate cell and line sizes.
> Step: build the whole table.
> Step: init table outer spec.
> Step: parse table options.
> Step: split table.
> Step: init table inner spec.
> Step: parse table inner spec.
> Step: execute table commands.
> Step: calculate cell and line sizes.
> Step: build the whole table.
> Step: init table outer spec.
> Step: parse table options.
> Step: split table.
> Step: init table inner spec.
> Step: parse table inner spec.
> Step: execute table commands.
> Step: calculate cell and line sizes.
> Step: build the whole table.
> Step: init table outer spec.
> Step: parse table options.
> Step: split table.
> Step: init table inner spec.
> Step: parse table inner spec.
> Step: execute table commands.
> Step: calculate cell and line sizes.
> Step: build the whole table.
> Step: init table outer spec.
> Step: parse table options.
> Step: split table.
> Step: init table inner spec.
> Step: parse table inner spec.
> Step: execute table commands.
> Step: calculate cell and line sizes.
> Step: build the whole table.
File: assets/Logo1.png Graphic file (type png)
<use assets/Logo1.png>
Package luatex.def Info: assets/Logo1.png  used on input line 329.
(luatex.def)             Requested size: 28.44972pt x 28.44656pt.
 [10])
File: assets/Logo1.png Graphic file (type png)
<use assets/Logo1.png>
Package luatex.def Info: assets/Logo1.png  used on input line 88.
(luatex.def)             Requested size: 28.44972pt x 28.44656pt.

[11]
\openout2 = capitoli/Modello Funzionale/UseCaseDiagram.aux
 ("./capitoli/Modello Funzionale/UseCaseDiagram.tex"
<assets/diagrammi/Use-Case/Use-Case Generale.png, id=193, 1094.0875pt x 1293.83
376pt>
File: assets/diagrammi/Use-Case/Use-Case Generale.png Graphic file (type png)
<use assets/diagrammi/Use-Case/Use-Case Generale.png>
Package luatex.def Info: assets/diagrammi/Use-Case/Use-Case Generale.png  used 
on input line 8.
(luatex.def)             Requested size: 386.95897pt x 457.60649pt.
<assets/diagrammi/Use-Case/Modifica Profilo.png, id=194, 622.325pt x 501.875pt>

File: assets/diagrammi/Use-Case/Modifica Profilo.png Graphic file (type png)
<use assets/diagrammi/Use-Case/Modifica Profilo.png>
Package luatex.def Info: assets/diagrammi/Use-Case/Modifica Profilo.png  used o
n input line 15.
(luatex.def)             Requested size: 386.95897pt x 312.06291pt.
File: assets/Logo1.png Graphic file (type png)
<use assets/Logo1.png>
Package luatex.def Info: assets/Logo1.png  used on input line 19.
(luatex.def)             Requested size: 28.44972pt x 28.44656pt.
 [12



<./assets/diagrammi/Use-Case/Use-Case Generale.png>]
<assets/diagrammi/Use-Case/Gestione ristoranti.png, id=203, 973.6375pt x 762.85
pt>
File: assets/diagrammi/Use-Case/Gestione ristoranti.png Graphic file (type png)

<use assets/diagrammi/Use-Case/Gestione ristoranti.png>
Package luatex.def Info: assets/diagrammi/Use-Case/Gestione ristoranti.png  use
d on input line 22.
(luatex.def)             Requested size: 386.95897pt x 303.17905pt.
File: assets/Logo1.png Graphic file (type png)
<use assets/Logo1.png>
Package luatex.def Info: assets/Logo1.png  used on input line 26.
(luatex.def)             Requested size: 28.44972pt x 28.44656pt.
 [13<./assets/diagrammi/Use-Case/Modifica Profilo.png>]
<assets/diagrammi/Use-Case/Gestione ordini.png, id=212, 923.45pt x 944.52875pt>

File: assets/diagrammi/Use-Case/Gestione ordini.png Graphic file (type png)
<use assets/diagrammi/Use-Case/Gestione ordini.png>
Package luatex.def Info: assets/diagrammi/Use-Case/Gestione ordini.png  used on
 input line 29.
(luatex.def)             Requested size: 338.58632pt x 346.31386pt.
File: assets/Logo1.png Graphic file (type png)
<use assets/Logo1.png>
Package luatex.def Info: assets/Logo1.png  used on input line 33.
(luatex.def)             Requested size: 28.44972pt x 28.44656pt.
 [14<./assets/diagrammi/Use-Case/Gestione ristoranti.png>]
<assets/diagrammi/Use-Case/Gestione dipendenti.png, id=221, 602.25pt x 682.55pt
>
File: assets/diagrammi/Use-Case/Gestione dipendenti.png Graphic file (type png)

<use assets/diagrammi/Use-Case/Gestione dipendenti.png>
Package luatex.def Info: assets/diagrammi/Use-Case/Gestione dipendenti.png  use
d on input line 36.
(luatex.def)             Requested size: 290.22107pt x 328.93256pt.
File: assets/Logo1.png Graphic file (type png)
<use assets/Logo1.png>
Package luatex.def Info: assets/Logo1.png  used on input line 40.
(luatex.def)             Requested size: 28.44972pt x 28.44656pt.
 [15<./assets/diagrammi/Use-Case/Gestione ordini.png>]
<assets/diagrammi/Use-Case/Gestione avvisi.png, id=230, 662.475pt x 782.925pt>
File: assets/diagrammi/Use-Case/Gestione avvisi.png Graphic file (type png)
<use assets/diagrammi/Use-Case/Gestione avvisi.png>
Package luatex.def Info: assets/diagrammi/Use-Case/Gestione avvisi.png  used on
 input line 43.
(luatex.def)             Requested size: 386.95897pt x 457.31042pt.
File: assets/Logo1.png Graphic file (type png)
<use assets/Logo1.png>
Package luatex.def Info: assets/Logo1.png  used on input line 47.
(luatex.def)             Requested size: 28.44972pt x 28.44656pt.
 [16<./assets/diagrammi/Use-Case/Gestione dipendenti.png>]
File: assets/Logo1.png Graphic file (type png)
<use assets/Logo1.png>
Package luatex.def Info: assets/Logo1.png  used on input line 48.
(luatex.def)             Requested size: 28.44972pt x 28.44656pt.
 [17<./assets/diagrammi/Use-Case/Gestione avvisi.png>])
\openout2 = capitoli/Modello Funzionale/Mockup.aux

("./capitoli/Modello Funzionale/Mockup.tex"
<assets/Mockup/Mockup_Homepage.png, id=247, 112.5003pt x 147.4308pt>
File: assets/Mockup/Mockup_Homepage.png Graphic file (type png)
<use assets/Mockup/Mockup_Homepage.png>
Package luatex.def Info: assets/Mockup/Mockup_Homepage.png  used on input line 
8.
(luatex.def)             Requested size: 281.25003pt x 368.57608pt.
> Step: init table outer spec.
> Step: parse table options.
> Step: split table.
> Step: init table inner spec.
> Step: parse table inner spec.
> Step: execute table commands.
> Step: calculate cell and line sizes.
> Step: build the whole table.
File: assets/Logo1.png Graphic file (type png)
<use assets/Logo1.png>
Package luatex.def Info: assets/Logo1.png  used on input line 26.
(luatex.def)             Requested size: 28.44972pt x 28.44656pt.
 [18



<./assets/Mockup/Mockup_Homepage.png>]
<assets/Mockup/Mockup_Accesso.png, id=256, 112.5003pt x 147.4308pt>
File: assets/Mockup/Mockup_Accesso.png Graphic file (type png)
<use assets/Mockup/Mockup_Accesso.png>
Package luatex.def Info: assets/Mockup/Mockup_Accesso.png  used on input line 3
0.
(luatex.def)             Requested size: 281.25003pt x 368.57608pt.
> Step: init table outer spec.
> Step: parse table options.
> Step: split table.
> Step: init table inner spec.
> Step: parse table inner spec.
> Step: execute table commands.
> Step: calculate cell and line sizes.
> Step: build the whole table.
File: assets/Logo1.png Graphic file (type png)
<use assets/Logo1.png>
Package luatex.def Info: assets/Logo1.png  used on input line 49.
(luatex.def)             Requested size: 28.44972pt x 28.44656pt.
 [19<./assets/Mockup/Mockup_Accesso.png>]
<assets/Mockup/Mockup_Registrazione.png, id=265, 112.5003pt x 147.4308pt>
File: assets/Mockup/Mockup_Registrazione.png Graphic file (type png)
<use assets/Mockup/Mockup_Registrazione.png>
Package luatex.def Info: assets/Mockup/Mockup_Registrazione.png  used on input 
line 53.
(luatex.def)             Requested size: 168.75002pt x 221.14565pt.
> Step: init table outer spec.
> Step: parse table options.
> Step: split table.
> Step: init table inner spec.
> Step: parse table inner spec.
> Step: execute table commands.
> Step: calculate cell and line sizes.
> Step: build the whole table.
File: assets/Logo1.png Graphic file (type png)
<use assets/Logo1.png>
Package luatex.def Info: assets/Logo1.png  used on input line 77.
(luatex.def)             Requested size: 28.44972pt x 28.44656pt.
 [20<./assets/Mockup/Mockup_Registrazione.png>]
<assets/Mockup/Mockup_AdminDashboard.png, id=275, 112.5003pt x 147.4308pt>
File: assets/Mockup/Mockup_AdminDashboard.png Graphic file (type png)
<use assets/Mockup/Mockup_AdminDashboard.png>
Package luatex.def Info: assets/Mockup/Mockup_AdminDashboard.png  used on input
 line 81.
(luatex.def)             Requested size: 281.25003pt x 368.57608pt.
> Step: init table outer spec.
> Step: parse table options.
> Step: split table.
> Step: init table inner spec.
> Step: parse table inner spec.
> Step: execute table commands.
> Step: calculate cell and line sizes.
> Step: build the whole table.
File: assets/Logo1.png Graphic file (type png)
<use assets/Logo1.png>
Package luatex.def Info: assets/Logo1.png  used on input line 98.
(luatex.def)             Requested size: 28.44972pt x 28.44656pt.
 [21<./assets/Mockup/Mockup_AdminDashboard.png>]
<assets/Mockup/Mockup_AddResturant.png, id=285, 112.5003pt x 147.4308pt>
File: assets/Mockup/Mockup_AddResturant.png Graphic file (type png)
<use assets/Mockup/Mockup_AddResturant.png>
Package luatex.def Info: assets/Mockup/Mockup_AddResturant.png  used on input l
ine 103.
(luatex.def)             Requested size: 225.00003pt x 294.86087pt.
> Step: init table outer spec.
> Step: parse table options.
> Step: split table.
> Step: init table inner spec.
> Step: parse table inner spec.
> Step: execute table commands.
> Step: calculate cell and line sizes.
> Step: build the whole table.
File: assets/Logo1.png Graphic file (type png)
<use assets/Logo1.png>
Package luatex.def Info: assets/Logo1.png  used on input line 121.
(luatex.def)             Requested size: 28.44972pt x 28.44656pt.
 [22<./assets/Mockup/Mockup_AddResturant.png>]
<assets/Mockup/Mockup_ResturantManager.png, id=295, 112.5003pt x 147.4308pt>
File: assets/Mockup/Mockup_ResturantManager.png Graphic file (type png)
<use assets/Mockup/Mockup_ResturantManager.png>
Package luatex.def Info: assets/Mockup/Mockup_ResturantManager.png  used on inp
ut line 125.
(luatex.def)             Requested size: 281.25003pt x 368.57608pt.
> Step: init table outer spec.
> Step: parse table options.
> Step: split table.
> Step: init table inner spec.
> Step: parse table inner spec.
> Step: execute table commands.
> Step: calculate cell and line sizes.
> Step: build the whole table.
File: assets/Logo1.png Graphic file (type png)
<use assets/Logo1.png>
Package luatex.def Info: assets/Logo1.png  used on input line 143.
(luatex.def)             Requested size: 28.44972pt x 28.44656pt.
 [23<./assets/Mockup/Mockup_ResturantManager.png>]
<assets/Mockup/Mockup_SaveWaiter.png, id=304, 112.5003pt x 147.4308pt>
File: assets/Mockup/Mockup_SaveWaiter.png Graphic file (type png)
<use assets/Mockup/Mockup_SaveWaiter.png>
Package luatex.def Info: assets/Mockup/Mockup_SaveWaiter.png  used on input lin
e 147.
(luatex.def)             Requested size: 168.75002pt x 221.14565pt.
> Step: init table outer spec.
> Step: parse table options.
> Step: split table.
> Step: init table inner spec.
> Step: parse table inner spec.
> Step: execute table commands.
> Step: calculate cell and line sizes.
> Step: build the whole table.
File: assets/Logo1.png Graphic file (type png)
<use assets/Logo1.png>
Package luatex.def Info: assets/Logo1.png  used on input line 168.
(luatex.def)             Requested size: 28.44972pt x 28.44656pt.
 [24<./assets/Mockup/Mockup_SaveWaiter.png>]
<assets/Mockup/Mockup_MenuManager.png, id=313, 112.5003pt x 147.4308pt>
File: assets/Mockup/Mockup_MenuManager.png Graphic file (type png)
<use assets/Mockup/Mockup_MenuManager.png>
Package luatex.def Info: assets/Mockup/Mockup_MenuManager.png  used on input li
ne 172.
(luatex.def)             Requested size: 281.25003pt x 368.57608pt.
> Step: init table outer spec.
> Step: parse table options.
> Step: split table.
> Step: init table inner spec.
> Step: parse table inner spec.
> Step: execute table commands.
> Step: calculate cell and line sizes.
> Step: build the whole table.
)
File: assets/Logo1.png Graphic file (type png)
<use assets/Logo1.png>
Package luatex.def Info: assets/Logo1.png  used on input line 90.
(luatex.def)             Requested size: 28.44972pt x 28.44656pt.
 [25<./assets/Mockup/Mockup_MenuManager.png>]
\openout2 = capitoli/Modello Funzionale/Tabelle di Cockburn.aux
 ("./capitoli/Modello Funzionale/T
abelle di Cockburn.tex"
> Step: init table outer spec.
> Step: parse table options.
> Step: split table.
> Step: init table inner spec.
> Step: parse table inner spec.
> Step: execute table commands.
> Step: calculate cell and line sizes.
> Step: build the whole table.
File: assets/Logo1.png Graphic file (type png)
<use assets/Logo1.png>
Package luatex.def Info: assets/Logo1.png  used on input line 65.
(luatex.def)             Requested size: 28.44972pt x 28.44656pt.
 [26



]
File: assets/Logo1.png Graphic file (type png)
<use assets/Logo1.png>
Package luatex.def Info: assets/Logo1.png  used on input line 65.
(luatex.def)             Requested size: 28.44972pt x 28.44656pt.

[27]
File: assets/Logo1.png Graphic file (type png)
<use assets/Logo1.png>
Package luatex.def Info: assets/Logo1.png  used on input line 71.
(luatex.def)             Requested size: 28.44972pt x 28.44656pt.
 [28]
> Step: init table outer spec.
> Step: parse table options.
> Step: split table.
> Step: init table inner spec.
> Step: parse table inner spec.
> Step: execute table commands.
> Step: calculate cell and line sizes.
> Step: build the whole table.
)
File: assets/Logo1.png Graphic file (type png)
<use assets/Logo1.png>
Package luatex.def Info: assets/Logo1.png  used on input line 91.
(luatex.def)             Requested size: 28.44972pt x 28.44656pt.
 [29] 
AED: lastpage setting LastPage
(./main.aux ("./capitoli/Modello Funzionale/Requisiti.aux")
("./capitoli/Modello Funzionale/UseCaseDiagram.aux")
("./capitoli/Modello Funzionale/Mockup.aux")
("./capitoli/Modello Funzionale/Tabelle di Cockburn.aux"))
Package rerunfilecheck Info: File `main.out' has not changed.
(rerunfilecheck)             Checksum: 7846CB539671655D8BDD526D49AD3E0D;4016.
)

Here is how much of LuaTeX's memory you used:
 32430 strings out of 477800
 125009,4921788 words of node,token memory allocated
 601 words of node memory still in use:
   7 hlist, 2 vlist, 2 rule, 5 glue, 4 kern, 1 glyph, 20 attribute, 59 glue_spec
, 12 attribute_list, 5 write nodes
   avail lists: 2:6455,3:653,4:176,5:732,6:160,7:8455,8:49,9:4135,10:27,11:636
 51498 multiletter control sequences out of 65536+600000
 76 fonts using 4903599 bytes
 105i,24n,114p,462b,3627s stack positions out of 5000i,500n,10000p,200000b,80000s
{/nix/store/pqfkdb47f8v986qwixlh01mcz86m7dhb-texlive-combined-full-2021-final/sh
are/texmf/fonts/enc/dvips/lm/lm-t5.enc}{/nix/store/pqfkdb47f8v986qwixlh01mcz86m7
dhb-texlive-combined-full-2021-final/share/texmf/fonts/enc/dvips/lm/lm-ts1.enc}<
/nix/store/pqfkdb47f8v986qwixlh01mcz86m7dhb-texlive-combined-full-2021-final/sha
re/texmf/fonts/type1/public/lm/lmbx10.pfb></nix/store/pqfkdb47f8v986qwixlh01mcz8
6m7dhb-texlive-combined-full-2021-final/share/texmf/fonts/type1/public/lm/lmbx12
.pfb></nix/store/pqfkdb47f8v986qwixlh01mcz86m7dhb-texlive-combined-full-2021-fin
al/share/texmf/fonts/type1/public/lm/lmbxi10.pfb></nix/store/pqfkdb47f8v986qwixl
h01mcz86m7dhb-texlive-combined-full-2021-final/share/texmf/fonts/type1/public/lm
/lmr10.pfb></nix/store/pqfkdb47f8v986qwixlh01mcz86m7dhb-texlive-combined-full-20
21-final/share/texmf/fonts/type1/public/lm/lmr12.pfb></nix/store/pqfkdb47f8v986q
wixlh01mcz86m7dhb-texlive-combined-full-2021-final/share/texmf/fonts/type1/publi
c/lm/lmri10.pfb></nix/store/pqfkdb47f8v986qwixlh01mcz86m7dhb-texlive-combined-fu
ll-2021-final/share/texmf/fonts/type1/public/lm/lmri12.pfb></nix/store/pqfkdb47f
8v986qwixlh01mcz86m7dhb-texlive-combined-full-2021-final/share/texmf/fonts/type1
/public/lm/lmtk10.pfb></nix/store/pqfkdb47f8v986qwixlh01mcz86m7dhb-texlive-combi
ned-full-2021-final/share/texmf/fonts/type1/public/lm/lmtt8.pfb>
Output written on main.pdf (29 pages, 1345206 bytes).

PDF statistics: 387 PDF objects out of 1000 (max. 8388607)
 313 compressed objects within 4 object streams
 69 named destinations out of 1000 (max. 131072)
 184 words of extra memory for PDF output out of 10000 (max. 100000000)

