\BOOKMARK [1][-]{section.1}{\376\377\000D\000e\000s\000c\000r\000i\000z\000i\000o\000n\000e\000\040\000d\000e\000l\000\040\000p\000r\000o\000g\000e\000t\000t\000o}{}% 1
\BOOKMARK [1][-]{section.2}{\376\377\000D\000o\000c\000u\000m\000e\000n\000t\000o\000\040\000d\000e\000i\000\040\000r\000e\000q\000u\000i\000s\000i\000t\000i\000\040\000s\000o\000f\000t\000w\000a\000r\000e}{}% 2
\BOOKMARK [2][-]{subsection.2.1}{\376\377\000I\000n\000d\000i\000v\000i\000d\000u\000a\000z\000i\000o\000n\000e\000\040\000t\000a\000r\000g\000e\000t\000\040\000d\000'\000u\000t\000e\000n\000t\000i}{section.2}% 3
\BOOKMARK [2][-]{subsection.2.2}{\376\377\000R\000e\000q\000u\000i\000s\000i\000t\000i\000\040\000F\000u\000n\000z\000i\000o\000n\000a\000l\000i}{section.2}% 4
\BOOKMARK [3][-]{subsubsection.2.2.1}{\376\377\000A\000d\000m\000i\000n}{subsection.2.2}% 5
\BOOKMARK [3][-]{subsubsection.2.2.2}{\376\377\000C\000a\000m\000e\000r\000i\000e\000r\000e}{subsection.2.2}% 6
\BOOKMARK [3][-]{subsubsection.2.2.3}{\376\377\000C\000u\000c\000i\000n\000a}{subsection.2.2}% 7
\BOOKMARK [3][-]{subsubsection.2.2.4}{\376\377\000S\000u\000p\000e\000r\000v\000i\000s\000o\000r\000e}{subsection.2.2}% 8
\BOOKMARK [3][-]{subsubsection.2.2.5}{\376\377\000T\000u\000t\000t\000i}{subsection.2.2}% 9
\BOOKMARK [2][-]{subsection.2.3}{\376\377\000R\000e\000q\000u\000i\000s\000i\000t\000i\000\040\000N\000o\000n\000\040\000F\000u\000n\000z\000i\000o\000n\000a\000l\000i}{section.2}% 10
\BOOKMARK [2][-]{subsection.2.4}{\376\377\000R\000e\000q\000u\000i\000s\000i\000t\000i\000\040\000d\000i\000\040\000D\000o\000m\000i\000n\000i\000o}{section.2}% 11
\BOOKMARK [2][-]{subsection.2.5}{\376\377\000M\000o\000d\000e\000l\000l\000a\000z\000i\000o\000n\000e\000\040\000d\000e\000i\000\040\000c\000a\000s\000i\000\040\000d\000'\000u\000s\000o}{section.2}% 12
\BOOKMARK [3][-]{subsubsection.2.5.1}{\376\377\000U\000s\000e\000-\000C\000a\000s\000e\000\040\000D\000i\000a\000g\000r\000a\000m}{subsection.2.5}% 13
\BOOKMARK [3][-]{subsubsection.2.5.2}{\376\377\000T\000a\000b\000e\000l\000l\000e\000\040\000d\000i\000\040\000C\000o\000c\000k\000b\000u\000r\000n}{subsection.2.5}% 14
\BOOKMARK [2][-]{subsection.2.6}{\376\377\000M\000o\000c\000k\000-\000u\000p\000\040\000d\000e\000l\000l\000'\000a\000p\000p\000l\000i\000c\000a\000z\000i\000o\000n\000e}{section.2}% 15
\BOOKMARK [3][-]{subsubsection.2.6.1}{\376\377\000H\000o\000m\000e\000p\000a\000g\000e\000\040\000d\000e\000l\000l\000'\000a\000p\000p\000l\000i\000c\000a\000z\000i\000o\000n\000e}{subsection.2.6}% 16
\BOOKMARK [3][-]{subsubsection.2.6.2}{\376\377\000S\000c\000h\000e\000r\000m\000a\000t\000a\000\040\000d\000i\000\040\000a\000c\000c\000e\000s\000s\000o\000\040\000n\000e\000l\000\040\000s\000i\000s\000t\000e\000m\000a}{subsection.2.6}% 17
\BOOKMARK [3][-]{subsubsection.2.6.3}{\376\377\000S\000c\000h\000e\000r\000m\000a\000t\000a\000\040\000d\000i\000\040\000r\000e\000g\000i\000s\000t\000r\000a\000z\000i\000o\000n\000e\000\040\000n\000e\000l\000\040\000s\000i\000s\000t\000e\000m\000a}{subsection.2.6}% 18
\BOOKMARK [3][-]{subsubsection.2.6.4}{\376\377\000S\000c\000h\000e\000r\000m\000a\000t\000a\000\040\000h\000o\000m\000e\000\040\000p\000e\000r\000\040\000g\000l\000i\000\040\000a\000d\000m\000i\000n}{subsection.2.6}% 19
\BOOKMARK [3][-]{subsubsection.2.6.5}{\376\377\000S\000c\000h\000e\000r\000m\000a\000t\000a\000\040\000d\000i\000\040\000r\000e\000g\000i\000s\000t\000r\000a\000z\000i\000o\000n\000e\000\040\000d\000i\000\040\000u\000n\000\040\000n\000u\000o\000v\000o\000\040\000r\000i\000s\000t\000o\000r\000a\000n\000t\000e}{subsection.2.6}% 20
\BOOKMARK [3][-]{subsubsection.2.6.6}{\376\377\000S\000c\000h\000e\000r\000m\000a\000t\000a\000\040\000d\000i\000\040\000m\000o\000d\000i\000f\000i\000c\000a\000\040\000d\000i\000\040\000u\000n\000\040\000r\000i\000s\000t\000o\000r\000a\000n\000t\000e}{subsection.2.6}% 21
\BOOKMARK [3][-]{subsubsection.2.6.7}{\376\377\000S\000c\000h\000e\000r\000m\000a\000t\000a\000\040\000d\000i\000\040\000r\000e\000g\000i\000s\000t\000r\000a\000z\000i\000o\000n\000e\000\040\000d\000i\000\040\000u\000n\000\040\000n\000u\000o\000v\000o\000\040\000d\000i\000p\000e\000n\000d\000e\000n\000t\000e}{subsection.2.6}% 22
\BOOKMARK [3][-]{subsubsection.2.6.8}{\376\377\000S\000c\000h\000e\000r\000m\000a\000t\000a\000\040\000d\000i\000\040\000g\000e\000s\000t\000i\000o\000n\000e\000\040\000d\000e\000l\000\040\000m\000e\000n\000\371}{subsection.2.6}% 23
\BOOKMARK [3][-]{subsubsection.2.6.9}{\376\377\000S\000c\000h\000e\000r\000m\000a\000t\000a\000\040\000h\000o\000m\000e\000\040\000p\000e\000r\000\040\000i\000\040\000s\000u\000p\000e\000r\000v\000i\000s\000o\000r\000i}{subsection.2.6}% 24
\BOOKMARK [3][-]{subsubsection.2.6.10}{\376\377\000S\000c\000h\000e\000r\000m\000a\000t\000a\000\040\000d\000i\000\040\000c\000o\000n\000f\000e\000r\000m\000a\000\040\000d\000i\000\040\000u\000s\000c\000i\000t\000a}{subsection.2.6}% 25
\BOOKMARK [3][-]{subsubsection.2.6.11}{\376\377\000S\000c\000h\000e\000r\000m\000a\000t\000a\000\040\000h\000o\000m\000e\000\040\000p\000e\000r\000\040\000i\000\040\000c\000a\000m\000e\000r\000i\000e\000r\000i}{subsection.2.6}% 26
\BOOKMARK [3][-]{subsubsection.2.6.12}{\376\377\000S\000c\000h\000e\000r\000m\000a\000t\000a\000\040\000d\000i\000\040\000v\000i\000s\000u\000a\000l\000i\000z\000z\000a\000z\000i\000o\000n\000e\000\040\000d\000e\000l\000l\000o\000\040\000s\000t\000a\000t\000o\000\040\000d\000e\000g\000l\000i\000\040\000o\000r\000d\000i\000n\000i}{subsection.2.6}% 27
\BOOKMARK [3][-]{subsubsection.2.6.13}{\376\377\000S\000c\000h\000e\000r\000m\000a\000t\000a\000\040\000d\000i\000\040\000v\000i\000s\000u\000a\000l\000i\000z\000z\000a\000z\000i\000o\000n\000e\000\040\000d\000e\000l\000\040\000p\000r\000o\000f\000i\000l\000o}{subsection.2.6}% 28
\BOOKMARK [3][-]{subsubsection.2.6.14}{\376\377\000S\000c\000h\000e\000r\000m\000a\000t\000a\000\040\000d\000i\000\040\000c\000a\000m\000b\000i\000o\000\040\000p\000a\000s\000s\000w\000o\000r\000d\000\040\000p\000e\000r\000\040\000g\000l\000i\000\040\000a\000d\000m\000i\000n}{subsection.2.6}% 29
\BOOKMARK [3][-]{subsubsection.2.6.15}{\376\377\000S\000c\000h\000e\000r\000m\000a\000t\000a\000\040\000d\000i\000\040\000c\000a\000m\000b\000i\000o\000\040\000e\000m\000a\000i\000l\000\040\000p\000e\000r\000\040\000g\000l\000i\000\040\000a\000d\000m\000i\000n}{subsection.2.6}% 30
\BOOKMARK [3][-]{subsubsection.2.6.16}{\376\377\000S\000c\000h\000e\000r\000m\000a\000t\000a\000\040\000d\000i\000\040\000c\000a\000m\000b\000i\000o\000\040\000p\000a\000s\000s\000w\000o\000r\000d\000\040\000p\000e\000r\000\040\000i\000\040\000d\000i\000p\000e\000n\000d\000e\000n\000t\000i\000\040\000a\000l\000\040\000p\000r\000i\000m\000o\000\040\000a\000c\000c\000e\000s\000s\000o}{subsection.2.6}% 31
\BOOKMARK [3][-]{subsubsection.2.6.17}{\376\377\000S\000c\000h\000e\000r\000m\000a\000t\000a\000\040\000d\000i\000\040\000c\000r\000e\000a\000z\000i\000o\000n\000e\000\040\000d\000e\000g\000l\000i\000\040\000a\000v\000v\000i\000s\000i}{subsection.2.6}% 32
\BOOKMARK [3][-]{subsubsection.2.6.18}{\376\377\000S\000c\000h\000e\000r\000m\000a\000t\000a\000\040\000d\000i\000\040\000a\000g\000g\000i\000u\000n\000t\000a\000\040\000p\000i\000a\000t\000t\000i\000\040\000a\000l\000\040\000m\000e\000n\000\371}{subsection.2.6}% 33
\BOOKMARK [3][-]{subsubsection.2.6.19}{\376\377\000S\000c\000h\000e\000r\000m\000a\000t\000a\000\040\000d\000i\000\040\000a\000g\000g\000i\000u\000n\000t\000a\000\040\000o\000r\000d\000i\000n\000i}{subsection.2.6}% 34
\BOOKMARK [3][-]{subsubsection.2.6.20}{\376\377\000S\000c\000h\000e\000r\000m\000a\000t\000a\000\040\000d\000i\000\040\000v\000i\000s\000u\000a\000l\000i\000z\000z\000a\000z\000i\000o\000n\000e\000\040\000d\000e\000l\000l\000e\000\040\000s\000t\000a\000t\000i\000s\000t\000i\000c\000h\000e}{subsection.2.6}% 35
\BOOKMARK [3][-]{subsubsection.2.6.21}{\376\377\000S\000c\000h\000e\000r\000m\000a\000t\000a\000\040\000d\000i\000\040\000v\000i\000s\000u\000a\000l\000i\000z\000z\000a\000z\000i\000o\000n\000e\000\040\000d\000e\000l\000l\000e\000\040\000n\000o\000t\000i\000f\000i\000c\000h\000e}{subsection.2.6}% 36
\BOOKMARK [2][-]{subsection.2.7}{\376\377\000V\000a\000l\000u\000t\000a\000z\000i\000o\000n\000e\000\040\000d\000e\000l\000l\000'\000u\000s\000a\000b\000i\000l\000i\000t\000\340\000\040\000\050\000a\000\040\000p\000r\000i\000o\000r\000i\000\051}{section.2}% 37
\BOOKMARK [2][-]{subsection.2.8}{\376\377\000I\000n\000d\000i\000v\000i\000d\000u\000a\000z\000i\000o\000n\000e\000\040\000t\000a\000r\000g\000e\000t\000\040\000d\000'\000u\000t\000e\000n\000t\000i}{section.2}% 38
\BOOKMARK [2][-]{subsection.2.9}{\376\377\000G\000l\000o\000s\000s\000a\000r\000i\000o}{section.2}% 39
\BOOKMARK [2][-]{subsection.2.10}{\376\377\000C\000l\000a\000s\000s\000\040\000d\000i\000a\000g\000r\000a\000m\000\040\000d\000i\000\040\000a\000n\000a\000l\000i\000s\000i\000\040\000o\000\040\000d\000o\000m\000i\000n\000i\000o}{section.2}% 40
\BOOKMARK [3][-]{subsubsection.2.10.1}{\376\377\000C\000l\000a\000s\000s\000\040\000d\000i\000a\000g\000r\000a\000m\000\040\000L\000o\000g\000i\000n}{subsection.2.10}% 41
\BOOKMARK [3][-]{subsubsection.2.10.2}{\376\377\000C\000l\000a\000s\000s\000\040\000d\000i\000a\000g\000r\000a\000m\000\040\000R\000i\000s\000t\000o\000r\000a\000n\000t\000e}{subsection.2.10}% 42
\BOOKMARK [3][-]{subsubsection.2.10.3}{\376\377\000C\000l\000a\000s\000s\000\040\000d\000i\000a\000g\000r\000a\000m\000\040\000d\000i\000p\000e\000n\000d\000e\000n\000t\000i}{subsection.2.10}% 43
\BOOKMARK [3][-]{subsubsection.2.10.4}{\376\377\000C\000l\000a\000s\000s\000\040\000d\000i\000a\000g\000r\000a\000m\000\040\000M\000e\000n\000u}{subsection.2.10}% 44
\BOOKMARK [3][-]{subsubsection.2.10.5}{\376\377\000C\000l\000a\000s\000s\000\040\000d\000i\000a\000g\000r\000a\000m\000\040\000A\000v\000v\000i\000s\000i}{subsection.2.10}% 45
\BOOKMARK [3][-]{subsubsection.2.10.6}{\376\377\000C\000l\000a\000s\000s\000\040\000d\000i\000a\000g\000r\000a\000m\000\040\000O\000r\000d\000i\000n\000i}{subsection.2.10}% 46
\BOOKMARK [3][-]{subsubsection.2.10.7}{\376\377\000C\000l\000a\000s\000s\000\040\000d\000i\000a\000g\000r\000a\000m\000\040\000s\000t\000a\000t\000i\000s\000t\000i\000c\000h\000e}{subsection.2.10}% 47
\BOOKMARK [2][-]{subsection.2.11}{\376\377\000S\000e\000q\000u\000e\000n\000c\000e\000\040\000d\000i\000\040\000a\000n\000a\000l\000i\000s\000i}{section.2}% 48
\BOOKMARK [2][-]{subsection.2.12}{\376\377\000S\000t\000a\000t\000e\000c\000h\000a\000r\000t}{section.2}% 49
\BOOKMARK [3][-]{subsubsection.2.12.1}{\376\377\000A\000g\000g\000i\000u\000n\000g\000i\000\040\000r\000i\000s\000t\000o\000r\000a\000n\000t\000e}{subsection.2.12}% 50
\BOOKMARK [3][-]{subsubsection.2.12.2}{\376\377\000A\000g\000g\000i\000u\000n\000g\000i\000\040\000p\000i\000a\000t\000t\000o}{subsection.2.12}% 51
\BOOKMARK [3][-]{subsubsection.2.12.3}{\376\377\000P\000r\000e\000n\000d\000i\000\040\000o\000r\000d\000i\000n\000e}{subsection.2.12}% 52
\BOOKMARK [3][-]{subsubsection.2.12.4}{\376\377\000V\000i\000s\000u\000a\000l\000i\000z\000z\000a\000\040\000a\000v\000v\000i\000s\000i}{subsection.2.12}% 53
\BOOKMARK [1][-]{section.3}{\376\377\000D\000o\000c\000u\000m\000e\000n\000t\000o\000\040\000d\000i\000\040\000d\000e\000s\000i\000g\000n}{}% 54
\BOOKMARK [2][-]{subsection.3.1}{\376\377\000A\000r\000c\000h\000i\000t\000e\000t\000t\000u\000r\000a\000\040\000d\000e\000l\000\040\000s\000i\000s\000t\000e\000m\000a}{section.3}% 55
\BOOKMARK [2][-]{subsection.3.2}{\376\377\000I\000n\000t\000r\000o\000d\000u\000z\000i\000o\000n\000e}{section.3}% 56
\BOOKMARK [3][-]{subsubsection.3.2.1}{\376\377\000C\000l\000i\000e\000n\000t}{subsection.3.2}% 57
\BOOKMARK [3][-]{subsubsection.3.2.2}{\376\377\000S\000e\000r\000v\000e\000r}{subsection.3.2}% 58
\BOOKMARK [2][-]{subsection.3.3}{\376\377\000S\000e\000q\000u\000e\000n\000c\000e\000\040\000d\000i\000a\000g\000r\000a\000m\000\040\000d\000i\000\040\000d\000e\000s\000i\000g\000n}{section.3}% 59
\BOOKMARK [3][-]{subsubsection.3.3.1}{\376\377\000F\000u\000n\000z\000i\000o\000n\000a\000l\000i\000t\000\340\000:\000\040\000"\000A\000g\000g\000i\000u\000n\000g\000i\000\040\000R\000i\000s\000t\000o\000r\000a\000n\000t\000e\000"}{subsection.3.3}% 60
\BOOKMARK [3][-]{subsubsection.3.3.2}{\376\377\000F\000u\000n\000z\000i\000o\000n\000a\000l\000i\000t\000\340\000:\000\040\000"\000A\000g\000g\000i\000u\000n\000g\000i\000\040\000p\000o\000r\000t\000a\000t\000a\000"}{subsection.3.3}% 61
\BOOKMARK [3][-]{subsubsection.3.3.3}{\376\377\000F\000u\000n\000z\000i\000o\000n\000a\000l\000i\000t\000\340\000:\000\040\000"\000P\000r\000e\000n\000d\000i\000\040\000o\000r\000d\000i\000n\000a\000z\000i\000o\000n\000e\000"}{subsection.3.3}% 62
\BOOKMARK [3][-]{subsubsection.3.3.4}{\376\377\000F\000u\000n\000z\000i\000o\000n\000a\000l\000i\000t\000\340\000:\000\040\000"\000V\000i\000s\000u\000a\000l\000i\000z\000z\000a\000\040\000a\000v\000v\000i\000s\000i\000"}{subsection.3.3}% 63
\BOOKMARK [2][-]{subsection.3.4}{\376\377\000C\000l\000a\000s\000s\000\040\000d\000i\000a\000g\000r\000a\000m\000\040\000d\000i\000\040\000d\000e\000s\000i\000g\000n}{section.3}% 64
\BOOKMARK [3][-]{subsubsection.3.4.1}{\376\377\000E\000s\000p\000a\000n\000s\000i\000o\000n\000e\000\040\000m\000o\000d\000e\000l\000l\000i\000\040\000L\000a\000v\000o\000r\000a\000t\000o\000r\000e}{subsection.3.4}% 65
\BOOKMARK [3][-]{subsubsection.3.4.2}{\376\377\000L\000o\000g\000i\000n}{subsection.3.4}% 66
\BOOKMARK [3][-]{subsubsection.3.4.3}{\376\377\000G\000e\000s\000t\000i\000o\000n\000e\000\040\000p\000i\000a\000t\000t\000i}{subsection.3.4}% 67
\BOOKMARK [3][-]{subsubsection.3.4.4}{\376\377\000G\000e\000s\000t\000i\000o\000n\000e\000\040\000A\000v\000v\000i\000s\000i}{subsection.3.4}% 68
\BOOKMARK [3][-]{subsubsection.3.4.5}{\376\377\000G\000e\000s\000t\000i\000o\000n\000e\000\040\000O\000r\000d\000i\000n\000i}{subsection.3.4}% 69
\BOOKMARK [3][-]{subsubsection.3.4.6}{\376\377\000G\000e\000s\000t\000i\000o\000n\000e\000\040\000D\000i\000p\000e\000n\000d\000e\000n\000t\000i}{subsection.3.4}% 70
\BOOKMARK [3][-]{subsubsection.3.4.7}{\376\377\000V\000i\000s\000u\000a\000l\000i\000z\000z\000a\000z\000i\000o\000n\000e\000\040\000S\000t\000a\000t\000i\000s\000t\000i\000c\000h\000e}{subsection.3.4}% 71
\BOOKMARK [2][-]{subsection.3.5}{\376\377\000T\000e\000s\000t\000i\000n\000g\000\040\000x\000U\000n\000i\000t}{section.3}% 72
\BOOKMARK [3][-]{subsubsection.3.5.1}{\376\377\000T\000e\000s\000t\000\040\000f\000u\000n\000z\000i\000o\000n\000e\000\040\000c\000h\000e\000\040\000c\000o\000n\000t\000r\000o\000l\000l\000a\000\040\000i\000l\000\040\000c\000o\000d\000i\000c\000e\000\040\000f\000i\000s\000c\000a\000l\000e\000.}{subsection.3.5}% 73
\BOOKMARK [3][-]{subsubsection.3.5.2}{\376\377\000T\000e\000s\000t\000\040\000f\000u\000n\000z\000i\000o\000n\000e\000\040\000c\000h\000e\000\040\000c\000o\000n\000t\000r\000o\000l\000l\000a\000\040\000i\000\040\000c\000a\000m\000p\000i\000\040\000d\000i\000\040\000u\000n\000\040\000r\000i\000s\000t\000o\000r\000a\000n\000t\000e\000.}{subsection.3.5}% 74
\BOOKMARK [3][-]{subsubsection.3.5.3}{\376\377\000T\000e\000s\000t\000i\000n\000g\000\040\000d\000e\000l\000l\000e\000\040\000f\000u\000n\000z\000i\000o\000n\000e\000\040\000m\000e\000d\000i\000a\000\040\000\050\000i\000n\000\040\000s\000t\000a\000t\000i\000s\000t\000i\000c\000h\000e\000\051\000.}{subsection.3.5}% 75
\BOOKMARK [2][-]{subsection.3.6}{\376\377\000U\000s\000a\000b\000i\000l\000i\000t\000\340\000\040\000s\000u\000l\000\040\000c\000a\000m\000p\000o}{section.3}% 76
\BOOKMARK [3][-]{subsubsection.3.6.1}{\376\377\000P\000r\000e\000m\000e\000s\000s\000a}{subsection.3.6}% 77
\BOOKMARK [3][-]{subsubsection.3.6.2}{\376\377\000P\000r\000e\000s\000e\000n\000t\000a\000z\000i\000o\000n\000e\000\040\000d\000e\000g\000l\000i\000\040\000u\000t\000e\000n\000t\000i}{subsection.3.6}% 78
\BOOKMARK [3][-]{subsubsection.3.6.3}{\376\377\000I\000l\000\040\000c\000o\000n\000f\000r\000o\000n\000t\000o\000\040\000c\000o\000n\000\040\000g\000l\000i\000\040\000u\000t\000e\000n\000t\000i}{subsection.3.6}% 79
\BOOKMARK [3][-]{subsubsection.3.6.4}{\376\377\000V\000a\000l\000u\000t\000a\000z\000i\000o\000n\000e\000\040\000f\000i\000n\000a\000l\000e}{subsection.3.6}% 80
